02-Jul-2025 10:56:58.541 INFO [main] org.apache.catalina.startup.VersionLoggerListener.log Nombre de la versión del servidor: Apache Tomcat/10.1.42
02-Jul-2025 10:56:58.569 INFO [main] org.apache.catalina.startup.VersionLoggerListener.log Server built:                      Jun 5 2025 22:35:46 UTC
02-Jul-2025 10:56:58.570 INFO [main] org.apache.catalina.startup.VersionLoggerListener.log Número de versión de servidor:     10.1.42.0
02-Jul-2025 10:56:58.570 INFO [main] org.apache.catalina.startup.VersionLoggerListener.log OS Name:                           Windows 10
02-Jul-2025 10:56:58.570 INFO [main] org.apache.catalina.startup.VersionLoggerListener.log Versión de Systema Operativo:      10.0
02-Jul-2025 10:56:58.570 INFO [main] org.apache.catalina.startup.VersionLoggerListener.log Arquitectura:                      amd64
02-Jul-2025 10:56:58.570 INFO [main] org.apache.catalina.startup.VersionLoggerListener.log Java Home:                         C:\Program Files\Java\jdk-22
02-Jul-2025 10:56:58.571 INFO [main] org.apache.catalina.startup.VersionLoggerListener.log JVM Version:                       22.0.2+9-70
02-Jul-2025 10:56:58.571 INFO [main] org.apache.catalina.startup.VersionLoggerListener.log Vededor JVM:                       Oracle Corporation
02-Jul-2025 10:56:58.572 INFO [main] org.apache.catalina.startup.VersionLoggerListener.log CATALINA_BASE:                     C:\Users\FAMILIA\Documents\GitHub\Proyecto2-Progra\apache-tomcat-10.1.42
02-Jul-2025 10:56:58.572 INFO [main] org.apache.catalina.startup.VersionLoggerListener.log CATALINA_HOME:                     C:\Users\FAMILIA\Documents\GitHub\Proyecto2-Progra\apache-tomcat-10.1.42
02-Jul-2025 10:56:58.588 INFO [main] org.apache.catalina.startup.VersionLoggerListener.log Command line argument:             -Djava.util.logging.config.file=C:\Users\FAMILIA\Documents\GitHub\Proyecto2-Progra\apache-tomcat-10.1.42\conf\logging.properties
02-Jul-2025 10:56:58.589 INFO [main] org.apache.catalina.startup.VersionLoggerListener.log Command line argument:             -Djava.util.logging.manager=org.apache.juli.ClassLoaderLogManager
02-Jul-2025 10:56:58.589 INFO [main] org.apache.catalina.startup.VersionLoggerListener.log Command line argument:             -Djdk.tls.ephemeralDHKeySize=2048
02-Jul-2025 10:56:58.589 INFO [main] org.apache.catalina.startup.VersionLoggerListener.log Command line argument:             -Djava.protocol.handler.pkgs=org.apache.catalina.webresources
02-Jul-2025 10:56:58.589 INFO [main] org.apache.catalina.startup.VersionLoggerListener.log Command line argument:             -Dsun.io.useCanonCaches=false
02-Jul-2025 10:56:58.589 INFO [main] org.apache.catalina.startup.VersionLoggerListener.log Command line argument:             --add-opens=java.base/java.lang=ALL-UNNAMED
02-Jul-2025 10:56:58.589 INFO [main] org.apache.catalina.startup.VersionLoggerListener.log Command line argument:             --add-opens=java.base/java.lang.reflect=ALL-UNNAMED
02-Jul-2025 10:56:58.590 INFO [main] org.apache.catalina.startup.VersionLoggerListener.log Command line argument:             --add-opens=java.base/java.io=ALL-UNNAMED
02-Jul-2025 10:56:58.591 INFO [main] org.apache.catalina.startup.VersionLoggerListener.log Command line argument:             --add-opens=java.base/java.util=ALL-UNNAMED
02-Jul-2025 10:56:58.591 INFO [main] org.apache.catalina.startup.VersionLoggerListener.log Command line argument:             --add-opens=java.base/java.util.concurrent=ALL-UNNAMED
02-Jul-2025 10:56:58.592 INFO [main] org.apache.catalina.startup.VersionLoggerListener.log Command line argument:             --add-opens=java.rmi/sun.rmi.transport=ALL-UNNAMED
02-Jul-2025 10:56:58.593 INFO [main] org.apache.catalina.startup.VersionLoggerListener.log Command line argument:             -Dcatalina.base=C:\Users\FAMILIA\Documents\GitHub\Proyecto2-Progra\apache-tomcat-10.1.42
02-Jul-2025 10:56:58.593 INFO [main] org.apache.catalina.startup.VersionLoggerListener.log Command line argument:             -Dcatalina.home=C:\Users\FAMILIA\Documents\GitHub\Proyecto2-Progra\apache-tomcat-10.1.42
02-Jul-2025 10:56:58.623 INFO [main] org.apache.catalina.startup.VersionLoggerListener.log Command line argument:             -Djava.io.tmpdir=C:\Users\FAMILIA\Documents\GitHub\Proyecto2-Progra\apache-tomcat-10.1.42\temp
02-Jul-2025 10:56:58.636 INFO [main] org.apache.catalina.core.AprLifecycleListener.lifecycleEvent Cargada la biblioteca nativa APR de Apache Tomcat [2.0.9] con la versión APR [1.7.6].
02-Jul-2025 10:56:58.647 INFO [main] org.apache.catalina.core.AprLifecycleListener.initializeSSL OpenSSL inicializado correctamente [OpenSSL 3.5.0 8 Apr 2025]
02-Jul-2025 10:56:59.567 INFO [main] org.apache.coyote.AbstractProtocol.init Inicializando el manejador de protocolo ["http-nio-8080"]

02-Jul-2025 10:56:59.704 INFO [main] org.apache.catalina.startup.Catalina.load Server initialization in [1795] milliseconds
02-Jul-2025 10:56:59.957 INFO [main] org.apache.catalina.core.StandardService.startInternal Arrancando servicio [Catalina]
02-Jul-2025 10:56:59.958 INFO [main] org.apache.catalina.core.StandardEngine.startInternal Starting Servlet engine: [Apache Tomcat/10.1.42]
02-Jul-2025 10:56:59.990 INFO [main] org.apache.catalina.startup.HostConfig.deployDescriptor Desplieque del descriptor de configuración [C:\Users\FAMILIA\Documents\GitHub\Proyecto2-Progra\apache-tomcat-10.1.42\conf\Catalina\localhost\Proyecto2-Progra.xml]
02-Jul-2025 10:57:00.069 WARNING [main] org.apache.catalina.startup.HostConfig.deployDescriptor The path attribute with value [/Proyecto2-Progra] in deployment descriptor [C:\Users\FAMILIA\Documents\GitHub\Proyecto2-Progra\apache-tomcat-10.1.42\conf\Catalina\localhost\Proyecto2-Progra.xml] has been ignored
02-Jul-2025 10:57:03.829 INFO [main] org.apache.jasper.servlet.TldScanner.scanJars Al menos un JAR, que se ha explorado buscando TLDs, aún no contenía TLDs. Activar historial de depuración para este historiador para una completa lista de los JARs que fueron explorados y de los que nos se halló TLDs. Saltarse JARs no necesarios durante la exploración puede dar lugar a una mejora de tiempo significativa en el arranque y compilación de JSP .
02-Jul-2025 10:57:04.078 INFO [main] com.sun.faces.config.ConfigureListener.contextInitialized Inicializando Mojarra 3.0.0 para el contexto '/Proyecto2-Progra'
02-Jul-2025 10:57:04.411 INFO [main] com.sun.faces.spi.InjectionProviderFactory.createInstance JSF1048: hay presentes anotaciones PostConstruct/PreDestroy.  Los métodos de beans administrados marcados con estas anotaciones procesarán dichas anotaciones.
02-Jul-2025 10:57:05.860 INFO [main] org.apache.catalina.startup.HostConfig.deployDescriptor Deployment of deployment descriptor [C:\Users\FAMILIA\Documents\GitHub\Proyecto2-Progra\apache-tomcat-10.1.42\conf\Catalina\localhost\Proyecto2-Progra.xml] has finished in [5.865] ms
02-Jul-2025 10:57:05.862 INFO [main] org.apache.catalina.startup.HostConfig.deployDirectory Desplegando el directorio [C:\Users\FAMILIA\Documents\GitHub\Proyecto2-Progra\apache-tomcat-10.1.42\webapps\docs] de la aplicación web
02-Jul-2025 10:57:05.959 INFO [main] org.apache.catalina.startup.HostConfig.deployDirectory Deployment of web application directory [C:\Users\FAMILIA\Documents\GitHub\Proyecto2-Progra\apache-tomcat-10.1.42\webapps\docs] has finished in [97] ms
02-Jul-2025 10:57:05.961 INFO [main] org.apache.catalina.startup.HostConfig.deployDirectory Desplegando el directorio [C:\Users\FAMILIA\Documents\GitHub\Proyecto2-Progra\apache-tomcat-10.1.42\webapps\examples] de la aplicación web
02-Jul-2025 10:57:07.224 INFO [main] org.apache.catalina.startup.HostConfig.deployDirectory Deployment of web application directory [C:\Users\FAMILIA\Documents\GitHub\Proyecto2-Progra\apache-tomcat-10.1.42\webapps\examples] has finished in [1.263] ms
02-Jul-2025 10:57:07.225 INFO [main] org.apache.catalina.startup.HostConfig.deployDirectory Desplegando el directorio [C:\Users\FAMILIA\Documents\GitHub\Proyecto2-Progra\apache-tomcat-10.1.42\webapps\host-manager] de la aplicación web
02-Jul-2025 10:57:07.337 INFO [main] org.apache.catalina.startup.HostConfig.deployDirectory Deployment of web application directory [C:\Users\FAMILIA\Documents\GitHub\Proyecto2-Progra\apache-tomcat-10.1.42\webapps\host-manager] has finished in [106] ms
02-Jul-2025 10:57:07.338 INFO [main] org.apache.catalina.startup.HostConfig.deployDirectory Desplegando el directorio [C:\Users\FAMILIA\Documents\GitHub\Proyecto2-Progra\apache-tomcat-10.1.42\webapps\manager] de la aplicación web
02-Jul-2025 10:57:07.454 INFO [main] org.apache.catalina.startup.HostConfig.deployDirectory Deployment of web application directory [C:\Users\FAMILIA\Documents\GitHub\Proyecto2-Progra\apache-tomcat-10.1.42\webapps\manager] has finished in [116] ms
02-Jul-2025 10:57:07.455 INFO [main] org.apache.catalina.startup.HostConfig.deployDirectory Desplegando el directorio [C:\Users\FAMILIA\Documents\GitHub\Proyecto2-Progra\apache-tomcat-10.1.42\webapps\ROOT] de la aplicación web
02-Jul-2025 10:57:07.903 WARNING [main] org.apache.catalina.util.SessionIdGeneratorBase.createSecureRandom Creation of SecureRandom instance for session ID generation using [SHA1PRNG] took [362] milliseconds.
02-Jul-2025 10:57:07.909 INFO [main] org.apache.catalina.startup.HostConfig.deployDirectory Deployment of web application directory [C:\Users\FAMILIA\Documents\GitHub\Proyecto2-Progra\apache-tomcat-10.1.42\webapps\ROOT] has finished in [454] ms
02-Jul-2025 10:57:07.923 INFO [main] org.apache.coyote.AbstractProtocol.start Starting ProtocolHandler ["http-nio-8080"]
02-Jul-2025 10:57:08.125 INFO [main] org.apache.catalina.startup.Catalina.start Server startup in [8416] milliseconds
02-Jul-2025 10:57:15.913 INFO [http-nio-8080-exec-2] org.apache.catalina.startup.HostConfig.undeploy Repliegue (undeploy) de la aplicación web que tiene como trayectoria de contexto [/Proyecto2-Progra]
02-Jul-2025 10:57:16.063 INFO [http-nio-8080-exec-5] org.apache.catalina.startup.HostConfig.deployDescriptor Desplieque del descriptor de configuración [C:\Users\FAMILIA\Documents\GitHub\Proyecto2-Progra\apache-tomcat-10.1.42\conf\Catalina\localhost\Proyecto2-Progra.xml]
02-Jul-2025 10:57:16.065 WARNING [http-nio-8080-exec-5] org.apache.catalina.startup.HostConfig.deployDescriptor The path attribute with value [/Proyecto2-Progra] in deployment descriptor [C:\Users\FAMILIA\Documents\GitHub\Proyecto2-Progra\apache-tomcat-10.1.42\conf\Catalina\localhost\Proyecto2-Progra.xml] has been ignored
02-Jul-2025 10:57:18.682 INFO [http-nio-8080-exec-5] org.apache.jasper.servlet.TldScanner.scanJars Al menos un JAR, que se ha explorado buscando TLDs, aún no contenía TLDs. Activar historial de depuración para este historiador para una completa lista de los JARs que fueron explorados y de los que nos se halló TLDs. Saltarse JARs no necesarios durante la exploración puede dar lugar a una mejora de tiempo significativa en el arranque y compilación de JSP .
02-Jul-2025 10:57:18.895 INFO [http-nio-8080-exec-5] com.sun.faces.config.ConfigureListener.contextInitialized Inicializando Mojarra 3.0.0 para el contexto '/Proyecto2-Progra'
02-Jul-2025 10:57:19.077 INFO [http-nio-8080-exec-5] com.sun.faces.spi.InjectionProviderFactory.createInstance JSF1048: hay presentes anotaciones PostConstruct/PreDestroy.  Los métodos de beans administrados marcados con estas anotaciones procesarán dichas anotaciones.
02-Jul-2025 10:57:20.399 INFO [http-nio-8080-exec-5] org.apache.catalina.startup.HostConfig.deployDescriptor Deployment of deployment descriptor [C:\Users\FAMILIA\Documents\GitHub\Proyecto2-Progra\apache-tomcat-10.1.42\conf\Catalina\localhost\Proyecto2-Progra.xml] has finished in [4.336] ms
02-Jul-2025 10:57:20.409 INFO [http-nio-8080-exec-6] org.apache.catalina.util.LifecycleBase.start The start() method was called on component [StandardEngine[Catalina].StandardHost[localhost].StandardContext[/Proyecto2-Progra]] after start() had already been called. The second call will be ignored.
02-Jul-2025 11:22:57.569 INFO [Catalina-utility-1] org.apache.catalina.startup.HostConfig.reload Falló la recarga del contexto [/Proyecto2-Progra]
02-Jul-2025 11:22:57.570 INFO [Catalina-utility-1] org.apache.catalina.core.StandardContext.reload Ha comenzado la recarga de Contexto [/Proyecto2-Progra]
02-Jul-2025 11:23:06.683 INFO [Catalina-utility-1] org.apache.jasper.servlet.TldScanner.scanJars Al menos un JAR, que se ha explorado buscando TLDs, aún no contenía TLDs. Activar historial de depuración para este historiador para una completa lista de los JARs que fueron explorados y de los que nos se halló TLDs. Saltarse JARs no necesarios durante la exploración puede dar lugar a una mejora de tiempo significativa en el arranque y compilación de JSP .
02-Jul-2025 11:23:07.682 INFO [Catalina-utility-1] com.sun.faces.config.ConfigureListener.contextInitialized Inicializando Mojarra 3.0.0 para el contexto '/Proyecto2-Progra'
02-Jul-2025 11:23:07.859 INFO [Catalina-utility-1] com.sun.faces.spi.InjectionProviderFactory.createInstance JSF1048: hay presentes anotaciones PostConstruct/PreDestroy.  Los métodos de beans administrados marcados con estas anotaciones procesarán dichas anotaciones.
02-Jul-2025 11:23:10.199 INFO [Catalina-utility-1] org.apache.catalina.core.StandardContext.reload Se ha completado la recarga de este Contexto
02-Jul-2025 12:45:56.303 INFO [http-nio-8080-exec-26] org.apache.catalina.startup.HostConfig.undeploy Repliegue (undeploy) de la aplicación web que tiene como trayectoria de contexto [/Proyecto2-Progra]
02-Jul-2025 12:45:56.352 INFO [http-nio-8080-exec-23] org.apache.catalina.startup.HostConfig.deployDescriptor Desplieque del descriptor de configuración [C:\Users\FAMILIA\Documents\GitHub\Proyecto2-Progra\apache-tomcat-10.1.42\conf\Catalina\localhost\Proyecto2-Progra.xml]
02-Jul-2025 12:45:56.359 WARNING [http-nio-8080-exec-23] org.apache.catalina.startup.HostConfig.deployDescriptor The path attribute with value [/Proyecto2-Progra] in deployment descriptor [C:\Users\FAMILIA\Documents\GitHub\Proyecto2-Progra\apache-tomcat-10.1.42\conf\Catalina\localhost\Proyecto2-Progra.xml] has been ignored
02-Jul-2025 12:45:56.735 SEVERE [http-nio-8080-exec-23] org.apache.catalina.startup.HostConfig.deployDescriptor Error durante el despliegue del descriptor de configuración [C:\Users\FAMILIA\Documents\GitHub\Proyecto2-Progra\apache-tomcat-10.1.42\conf\Catalina\localhost\Proyecto2-Progra.xml]
	java.lang.IllegalStateException: Error starting child
		at org.apache.catalina.core.ContainerBase.addChildInternal(ContainerBase.java:602)
		at org.apache.catalina.core.ContainerBase.addChild(ContainerBase.java:571)
		at org.apache.catalina.core.StandardHost.addChild(StandardHost.java:654)
		at org.apache.catalina.startup.HostConfig.deployDescriptor(HostConfig.java:632)
		at org.apache.catalina.startup.HostConfig.deployApps(HostConfig.java:481)
		at org.apache.catalina.startup.HostConfig.check(HostConfig.java:1695)
		at java.base/jdk.internal.reflect.DirectMethodHandleAccessor.invoke(DirectMethodHandleAccessor.java:103)
		at java.base/java.lang.reflect.Method.invoke(Method.java:580)
		at org.apache.tomcat.util.modeler.BaseModelMBean.invoke(BaseModelMBean.java:252)
		at java.management/com.sun.jmx.interceptor.DefaultMBeanServerInterceptor.invoke(DefaultMBeanServerInterceptor.java:803)
		at java.management/com.sun.jmx.mbeanserver.JmxMBeanServer.invoke(JmxMBeanServer.java:802)
		at org.apache.catalina.manager.ManagerServlet.check(ManagerServlet.java:1450)
		at org.apache.catalina.manager.ManagerServlet.deploy(ManagerServlet.java:944)
		at org.apache.catalina.manager.ManagerServlet.doGet(ManagerServlet.java:308)
		at jakarta.servlet.http.HttpServlet.service(HttpServlet.java:564)
		at jakarta.servlet.http.HttpServlet.service(HttpServlet.java:658)
		at org.apache.catalina.core.ApplicationFilterChain.internalDoFilter(ApplicationFilterChain.java:195)
		at org.apache.catalina.core.ApplicationFilterChain.doFilter(ApplicationFilterChain.java:140)
		at org.apache.tomcat.websocket.server.WsFilter.doFilter(WsFilter.java:51)
		at org.apache.catalina.core.ApplicationFilterChain.internalDoFilter(ApplicationFilterChain.java:164)
		at org.apache.catalina.core.ApplicationFilterChain.doFilter(ApplicationFilterChain.java:140)
		at org.apache.catalina.filters.HttpHeaderSecurityFilter.doFilter(HttpHeaderSecurityFilter.java:129)
		at org.apache.catalina.core.ApplicationFilterChain.internalDoFilter(ApplicationFilterChain.java:164)
		at org.apache.catalina.core.ApplicationFilterChain.doFilter(ApplicationFilterChain.java:140)
		at org.apache.catalina.core.StandardWrapperValve.invoke(StandardWrapperValve.java:167)
		at org.apache.catalina.core.StandardContextValve.invoke(StandardContextValve.java:90)
		at org.apache.catalina.authenticator.AuthenticatorBase.invoke(AuthenticatorBase.java:598)
		at org.apache.catalina.valves.RequestFilterValve.process(RequestFilterValve.java:354)
		at org.apache.catalina.valves.RemoteAddrValve.invoke(RemoteAddrValve.java:54)
		at org.apache.catalina.core.StandardHostValve.invoke(StandardHostValve.java:116)
		at org.apache.catalina.valves.ErrorReportValve.invoke(ErrorReportValve.java:93)
		at org.apache.catalina.valves.AbstractAccessLogValve.invoke(AbstractAccessLogValve.java:666)
		at org.apache.catalina.core.StandardEngineValve.invoke(StandardEngineValve.java:74)
		at org.apache.catalina.connector.CoyoteAdapter.service(CoyoteAdapter.java:344)
		at org.apache.coyote.http11.Http11Processor.service(Http11Processor.java:398)
		at org.apache.coyote.AbstractProcessorLight.process(AbstractProcessorLight.java:63)
		at org.apache.coyote.AbstractProtocol$ConnectionHandler.process(AbstractProtocol.java:903)
		at org.apache.tomcat.util.net.NioEndpoint$SocketProcessor.doRun(NioEndpoint.java:1769)
		at org.apache.tomcat.util.net.SocketProcessorBase.run(SocketProcessorBase.java:52)
		at org.apache.tomcat.util.threads.ThreadPoolExecutor.runWorker(ThreadPoolExecutor.java:1189)
		at org.apache.tomcat.util.threads.ThreadPoolExecutor$Worker.run(ThreadPoolExecutor.java:658)
		at org.apache.tomcat.util.threads.TaskThread$WrappingRunnable.run(TaskThread.java:63)
		at java.base/java.lang.Thread.run(Thread.java:1570)
	Caused by: org.apache.catalina.LifecycleException: Failed to start component [StandardEngine[Catalina].StandardHost[localhost].StandardContext[/Proyecto2-Progra]]
		at org.apache.catalina.util.LifecycleBase.handleSubClassException(LifecycleBase.java:406)
		at org.apache.catalina.util.LifecycleBase.start(LifecycleBase.java:179)
		at org.apache.catalina.core.ContainerBase.addChildInternal(ContainerBase.java:599)
		... 42 more
	Caused by: java.lang.IllegalArgumentException: Los servlets llamados [ActualizarClienteServlet] y [cr.ac.ucr.paraiso.proyecto2.progra.servlets.ActualizarClienteServlet] estan ambos mapeados al patrón de URL [/ActualizarClienteServlet] el cual no esta permitido
		at org.apache.tomcat.util.descriptor.web.WebXml.addServletMappingDecoded(WebXml.java:415)
		at org.apache.tomcat.util.descriptor.web.WebXml.addServletMapping(WebXml.java:406)
		at org.apache.catalina.startup.ContextConfig.processAnnotationWebServlet(ContextConfig.java:2547)
		at org.apache.catalina.startup.ContextConfig.processClass(ContextConfig.java:2253)
		at org.apache.catalina.startup.ContextConfig.processAnnotationsStream(ContextConfig.java:2242)
		at org.apache.catalina.startup.ContextConfig.processAnnotationsWebResource(ContextConfig.java:2153)
		at org.apache.catalina.startup.ContextConfig.processAnnotationsWebResource(ContextConfig.java:2148)
		at org.apache.catalina.startup.ContextConfig.processAnnotationsWebResource(ContextConfig.java:2148)
		at org.apache.catalina.startup.ContextConfig.processAnnotationsWebResource(ContextConfig.java:2148)
		at org.apache.catalina.startup.ContextConfig.processAnnotationsWebResource(ContextConfig.java:2148)
		at org.apache.catalina.startup.ContextConfig.processAnnotationsWebResource(ContextConfig.java:2148)
		at org.apache.catalina.startup.ContextConfig.processAnnotationsWebResource(ContextConfig.java:2148)
		at org.apache.catalina.startup.ContextConfig.processAnnotationsWebResource(ContextConfig.java:2148)
		at org.apache.catalina.startup.ContextConfig.processClasses(ContextConfig.java:1361)
		at org.apache.catalina.startup.ContextConfig.webConfig(ContextConfig.java:1271)
		at org.apache.catalina.startup.ContextConfig.configureStart(ContextConfig.java:972)
		at org.apache.catalina.startup.ContextConfig.lifecycleEvent(ContextConfig.java:290)
		at org.apache.catalina.util.LifecycleBase.fireLifecycleEvent(LifecycleBase.java:109)
		at org.apache.catalina.core.StandardContext.startInternal(StandardContext.java:4380)
		at org.apache.catalina.util.LifecycleBase.start(LifecycleBase.java:164)
		... 43 more
02-Jul-2025 12:45:56.816 INFO [http-nio-8080-exec-23] org.apache.catalina.startup.HostConfig.deployDescriptor Deployment of deployment descriptor [C:\Users\FAMILIA\Documents\GitHub\Proyecto2-Progra\apache-tomcat-10.1.42\conf\Catalina\localhost\Proyecto2-Progra.xml] has finished in [463] ms
02-Jul-2025 12:49:13.636 INFO [http-nio-8080-exec-33] org.apache.catalina.startup.HostConfig.undeploy Repliegue (undeploy) de la aplicación web que tiene como trayectoria de contexto [/Proyecto2-Progra]
02-Jul-2025 12:49:13.679 INFO [http-nio-8080-exec-35] org.apache.catalina.startup.HostConfig.deployDescriptor Desplieque del descriptor de configuración [C:\Users\FAMILIA\Documents\GitHub\Proyecto2-Progra\apache-tomcat-10.1.42\conf\Catalina\localhost\Proyecto2-Progra.xml]
02-Jul-2025 12:49:13.681 WARNING [http-nio-8080-exec-35] org.apache.catalina.startup.HostConfig.deployDescriptor The path attribute with value [/Proyecto2-Progra] in deployment descriptor [C:\Users\FAMILIA\Documents\GitHub\Proyecto2-Progra\apache-tomcat-10.1.42\conf\Catalina\localhost\Proyecto2-Progra.xml] has been ignored
02-Jul-2025 12:49:15.529 INFO [http-nio-8080-exec-35] org.apache.jasper.servlet.TldScanner.scanJars Al menos un JAR, que se ha explorado buscando TLDs, aún no contenía TLDs. Activar historial de depuración para este historiador para una completa lista de los JARs que fueron explorados y de los que nos se halló TLDs. Saltarse JARs no necesarios durante la exploración puede dar lugar a una mejora de tiempo significativa en el arranque y compilación de JSP .
02-Jul-2025 12:49:15.683 INFO [http-nio-8080-exec-35] com.sun.faces.config.ConfigureListener.contextInitialized Inicializando Mojarra 3.0.0 para el contexto '/Proyecto2-Progra'
02-Jul-2025 12:49:15.897 INFO [http-nio-8080-exec-35] com.sun.faces.spi.InjectionProviderFactory.createInstance JSF1048: hay presentes anotaciones PostConstruct/PreDestroy.  Los métodos de beans administrados marcados con estas anotaciones procesarán dichas anotaciones.
02-Jul-2025 12:49:16.935 INFO [http-nio-8080-exec-35] org.apache.catalina.startup.HostConfig.deployDescriptor Deployment of deployment descriptor [C:\Users\FAMILIA\Documents\GitHub\Proyecto2-Progra\apache-tomcat-10.1.42\conf\Catalina\localhost\Proyecto2-Progra.xml] has finished in [3.256] ms
02-Jul-2025 12:49:16.941 INFO [http-nio-8080-exec-34] org.apache.catalina.util.LifecycleBase.start The start() method was called on component [StandardEngine[Catalina].StandardHost[localhost].StandardContext[/Proyecto2-Progra]] after start() had already been called. The second call will be ignored.
02-Jul-2025 12:50:26.737 INFO [http-nio-8080-exec-33] org.apache.catalina.startup.HostConfig.undeploy Repliegue (undeploy) de la aplicación web que tiene como trayectoria de contexto [/Proyecto2-Progra]
02-Jul-2025 12:50:26.790 INFO [http-nio-8080-exec-40] org.apache.catalina.startup.HostConfig.deployDescriptor Desplieque del descriptor de configuración [C:\Users\FAMILIA\Documents\GitHub\Proyecto2-Progra\apache-tomcat-10.1.42\conf\Catalina\localhost\Proyecto2-Progra.xml]
02-Jul-2025 12:50:26.791 WARNING [http-nio-8080-exec-40] org.apache.catalina.startup.HostConfig.deployDescriptor The path attribute with value [/Proyecto2-Progra] in deployment descriptor [C:\Users\FAMILIA\Documents\GitHub\Proyecto2-Progra\apache-tomcat-10.1.42\conf\Catalina\localhost\Proyecto2-Progra.xml] has been ignored
02-Jul-2025 12:50:28.613 INFO [http-nio-8080-exec-40] org.apache.jasper.servlet.TldScanner.scanJars Al menos un JAR, que se ha explorado buscando TLDs, aún no contenía TLDs. Activar historial de depuración para este historiador para una completa lista de los JARs que fueron explorados y de los que nos se halló TLDs. Saltarse JARs no necesarios durante la exploración puede dar lugar a una mejora de tiempo significativa en el arranque y compilación de JSP .
02-Jul-2025 12:50:28.781 INFO [http-nio-8080-exec-40] com.sun.faces.config.ConfigureListener.contextInitialized Inicializando Mojarra 3.0.0 para el contexto '/Proyecto2-Progra'
02-Jul-2025 12:50:29.041 INFO [http-nio-8080-exec-40] com.sun.faces.spi.InjectionProviderFactory.createInstance JSF1048: hay presentes anotaciones PostConstruct/PreDestroy.  Los métodos de beans administrados marcados con estas anotaciones procesarán dichas anotaciones.
02-Jul-2025 12:50:29.952 INFO [http-nio-8080-exec-40] org.apache.catalina.startup.HostConfig.deployDescriptor Deployment of deployment descriptor [C:\Users\FAMILIA\Documents\GitHub\Proyecto2-Progra\apache-tomcat-10.1.42\conf\Catalina\localhost\Proyecto2-Progra.xml] has finished in [3.163] ms
02-Jul-2025 12:50:29.958 INFO [http-nio-8080-exec-42] org.apache.catalina.util.LifecycleBase.start The start() method was called on component [StandardEngine[Catalina].StandardHost[localhost].StandardContext[/Proyecto2-Progra]] after start() had already been called. The second call will be ignored.
02-Jul-2025 13:13:27.866 INFO [main] org.apache.catalina.core.StandardServer.await Se ha recibido un comando de apagado a través del puerto de apagado. Parando la instancia del Servidor.
02-Jul-2025 13:13:27.867 INFO [main] org.apache.coyote.AbstractProtocol.pause Pausing ProtocolHandler ["http-nio-8080"]
02-Jul-2025 13:13:27.877 INFO [main] org.apache.catalina.core.StandardService.stopInternal Parando servicio [Catalina]
02-Jul-2025 13:13:27.950 INFO [main] org.apache.coyote.AbstractProtocol.stop Stopping ProtocolHandler ["http-nio-8080"]
02-Jul-2025 13:13:27.974 INFO [main] org.apache.coyote.AbstractProtocol.destroy Destroying ProtocolHandler ["http-nio-8080"]
02-Jul-2025 13:13:33.864 INFO [main] org.apache.catalina.startup.VersionLoggerListener.log Nombre de la versión del servidor: Apache Tomcat/10.1.42
02-Jul-2025 13:13:33.910 INFO [main] org.apache.catalina.startup.VersionLoggerListener.log Server built:                      Jun 5 2025 22:35:46 UTC
02-Jul-2025 13:13:33.910 INFO [main] org.apache.catalina.startup.VersionLoggerListener.log Número de versión de servidor:     10.1.42.0
02-Jul-2025 13:13:33.910 INFO [main] org.apache.catalina.startup.VersionLoggerListener.log OS Name:                           Windows 10
02-Jul-2025 13:13:33.910 INFO [main] org.apache.catalina.startup.VersionLoggerListener.log Versión de Systema Operativo:      10.0
02-Jul-2025 13:13:33.910 INFO [main] org.apache.catalina.startup.VersionLoggerListener.log Arquitectura:                      amd64
02-Jul-2025 13:13:33.911 INFO [main] org.apache.catalina.startup.VersionLoggerListener.log Java Home:                         C:\Program Files\Java\jdk-22
02-Jul-2025 13:13:33.911 INFO [main] org.apache.catalina.startup.VersionLoggerListener.log JVM Version:                       22.0.2+9-70
02-Jul-2025 13:13:33.911 INFO [main] org.apache.catalina.startup.VersionLoggerListener.log Vededor JVM:                       Oracle Corporation
02-Jul-2025 13:13:33.911 INFO [main] org.apache.catalina.startup.VersionLoggerListener.log CATALINA_BASE:                     C:\Users\FAMILIA\Documents\GitHub\Proyecto2-Progra\apache-tomcat-10.1.42
02-Jul-2025 13:13:33.911 INFO [main] org.apache.catalina.startup.VersionLoggerListener.log CATALINA_HOME:                     C:\Users\FAMILIA\Documents\GitHub\Proyecto2-Progra\apache-tomcat-10.1.42
02-Jul-2025 13:13:33.932 INFO [main] org.apache.catalina.startup.VersionLoggerListener.log Command line argument:             -Djava.util.logging.config.file=C:\Users\FAMILIA\Documents\GitHub\Proyecto2-Progra\apache-tomcat-10.1.42\conf\logging.properties
02-Jul-2025 13:13:33.932 INFO [main] org.apache.catalina.startup.VersionLoggerListener.log Command line argument:             -Djava.util.logging.manager=org.apache.juli.ClassLoaderLogManager
02-Jul-2025 13:13:33.933 INFO [main] org.apache.catalina.startup.VersionLoggerListener.log Command line argument:             -Djdk.tls.ephemeralDHKeySize=2048
02-Jul-2025 13:13:33.933 INFO [main] org.apache.catalina.startup.VersionLoggerListener.log Command line argument:             -Djava.protocol.handler.pkgs=org.apache.catalina.webresources
02-Jul-2025 13:13:33.933 INFO [main] org.apache.catalina.startup.VersionLoggerListener.log Command line argument:             -Dsun.io.useCanonCaches=false
02-Jul-2025 13:13:33.934 INFO [main] org.apache.catalina.startup.VersionLoggerListener.log Command line argument:             --add-opens=java.base/java.lang=ALL-UNNAMED
02-Jul-2025 13:13:33.934 INFO [main] org.apache.catalina.startup.VersionLoggerListener.log Command line argument:             --add-opens=java.base/java.lang.reflect=ALL-UNNAMED
02-Jul-2025 13:13:33.934 INFO [main] org.apache.catalina.startup.VersionLoggerListener.log Command line argument:             --add-opens=java.base/java.io=ALL-UNNAMED
02-Jul-2025 13:13:33.936 INFO [main] org.apache.catalina.startup.VersionLoggerListener.log Command line argument:             --add-opens=java.base/java.util=ALL-UNNAMED
02-Jul-2025 13:13:33.936 INFO [main] org.apache.catalina.startup.VersionLoggerListener.log Command line argument:             --add-opens=java.base/java.util.concurrent=ALL-UNNAMED
02-Jul-2025 13:13:33.936 INFO [main] org.apache.catalina.startup.VersionLoggerListener.log Command line argument:             --add-opens=java.rmi/sun.rmi.transport=ALL-UNNAMED
02-Jul-2025 13:13:33.937 INFO [main] org.apache.catalina.startup.VersionLoggerListener.log Command line argument:             -Dcatalina.base=C:\Users\FAMILIA\Documents\GitHub\Proyecto2-Progra\apache-tomcat-10.1.42
02-Jul-2025 13:13:33.937 INFO [main] org.apache.catalina.startup.VersionLoggerListener.log Command line argument:             -Dcatalina.home=C:\Users\FAMILIA\Documents\GitHub\Proyecto2-Progra\apache-tomcat-10.1.42
02-Jul-2025 13:13:34.055 INFO [main] org.apache.catalina.startup.VersionLoggerListener.log Command line argument:             -Djava.io.tmpdir=C:\Users\FAMILIA\Documents\GitHub\Proyecto2-Progra\apache-tomcat-10.1.42\temp
02-Jul-2025 13:13:34.076 INFO [main] org.apache.catalina.core.AprLifecycleListener.lifecycleEvent Cargada la biblioteca nativa APR de Apache Tomcat [2.0.9] con la versión APR [1.7.6].
02-Jul-2025 13:13:34.095 INFO [main] org.apache.catalina.core.AprLifecycleListener.initializeSSL OpenSSL inicializado correctamente [OpenSSL 3.5.0 8 Apr 2025]
02-Jul-2025 13:13:35.145 INFO [main] org.apache.coyote.AbstractProtocol.init Inicializando el manejador de protocolo ["http-nio-8080"]

02-Jul-2025 13:13:35.254 INFO [main] org.apache.catalina.startup.Catalina.load Server initialization in [2045] milliseconds
02-Jul-2025 13:13:35.399 INFO [main] org.apache.catalina.core.StandardService.startInternal Arrancando servicio [Catalina]
02-Jul-2025 13:13:35.399 INFO [main] org.apache.catalina.core.StandardEngine.startInternal Starting Servlet engine: [Apache Tomcat/10.1.42]
02-Jul-2025 13:13:35.512 INFO [main] org.apache.catalina.startup.HostConfig.deployDescriptor Desplieque del descriptor de configuración [C:\Users\FAMILIA\Documents\GitHub\Proyecto2-Progra\apache-tomcat-10.1.42\conf\Catalina\localhost\Proyecto2-Progra.xml]
02-Jul-2025 13:13:35.669 WARNING [main] org.apache.catalina.startup.HostConfig.deployDescriptor The path attribute with value [/Proyecto2-Progra] in deployment descriptor [C:\Users\FAMILIA\Documents\GitHub\Proyecto2-Progra\apache-tomcat-10.1.42\conf\Catalina\localhost\Proyecto2-Progra.xml] has been ignored
02-Jul-2025 13:13:40.338 INFO [main] org.apache.jasper.servlet.TldScanner.scanJars Al menos un JAR, que se ha explorado buscando TLDs, aún no contenía TLDs. Activar historial de depuración para este historiador para una completa lista de los JARs que fueron explorados y de los que nos se halló TLDs. Saltarse JARs no necesarios durante la exploración puede dar lugar a una mejora de tiempo significativa en el arranque y compilación de JSP .
02-Jul-2025 13:13:40.725 INFO [main] com.sun.faces.config.ConfigureListener.contextInitialized Inicializando Mojarra 3.0.0 para el contexto '/Proyecto2-Progra'
02-Jul-2025 13:13:41.179 INFO [main] com.sun.faces.spi.InjectionProviderFactory.createInstance JSF1048: hay presentes anotaciones PostConstruct/PreDestroy.  Los métodos de beans administrados marcados con estas anotaciones procesarán dichas anotaciones.
02-Jul-2025 13:13:43.080 INFO [main] org.apache.catalina.startup.HostConfig.deployDescriptor Deployment of deployment descriptor [C:\Users\FAMILIA\Documents\GitHub\Proyecto2-Progra\apache-tomcat-10.1.42\conf\Catalina\localhost\Proyecto2-Progra.xml] has finished in [7.562] ms
02-Jul-2025 13:13:43.084 INFO [main] org.apache.catalina.startup.HostConfig.deployDirectory Desplegando el directorio [C:\Users\FAMILIA\Documents\GitHub\Proyecto2-Progra\apache-tomcat-10.1.42\webapps\docs] de la aplicación web
02-Jul-2025 13:13:43.203 INFO [main] org.apache.catalina.startup.HostConfig.deployDirectory Deployment of web application directory [C:\Users\FAMILIA\Documents\GitHub\Proyecto2-Progra\apache-tomcat-10.1.42\webapps\docs] has finished in [121] ms
02-Jul-2025 13:13:43.204 INFO [main] org.apache.catalina.startup.HostConfig.deployDirectory Desplegando el directorio [C:\Users\FAMILIA\Documents\GitHub\Proyecto2-Progra\apache-tomcat-10.1.42\webapps\examples] de la aplicación web
02-Jul-2025 13:13:45.021 INFO [main] org.apache.catalina.startup.HostConfig.deployDirectory Deployment of web application directory [C:\Users\FAMILIA\Documents\GitHub\Proyecto2-Progra\apache-tomcat-10.1.42\webapps\examples] has finished in [1.817] ms
02-Jul-2025 13:13:45.025 INFO [main] org.apache.catalina.startup.HostConfig.deployDirectory Desplegando el directorio [C:\Users\FAMILIA\Documents\GitHub\Proyecto2-Progra\apache-tomcat-10.1.42\webapps\host-manager] de la aplicación web
02-Jul-2025 13:13:45.220 INFO [main] org.apache.catalina.startup.HostConfig.deployDirectory Deployment of web application directory [C:\Users\FAMILIA\Documents\GitHub\Proyecto2-Progra\apache-tomcat-10.1.42\webapps\host-manager] has finished in [194] ms
02-Jul-2025 13:13:45.220 INFO [main] org.apache.catalina.startup.HostConfig.deployDirectory Desplegando el directorio [C:\Users\FAMILIA\Documents\GitHub\Proyecto2-Progra\apache-tomcat-10.1.42\webapps\manager] de la aplicación web
02-Jul-2025 13:13:45.339 INFO [main] org.apache.catalina.startup.HostConfig.deployDirectory Deployment of web application directory [C:\Users\FAMILIA\Documents\GitHub\Proyecto2-Progra\apache-tomcat-10.1.42\webapps\manager] has finished in [118] ms
02-Jul-2025 13:13:45.339 INFO [main] org.apache.catalina.startup.HostConfig.deployDirectory Desplegando el directorio [C:\Users\FAMILIA\Documents\GitHub\Proyecto2-Progra\apache-tomcat-10.1.42\webapps\ROOT] de la aplicación web
02-Jul-2025 13:13:45.449 INFO [main] org.apache.catalina.startup.HostConfig.deployDirectory Deployment of web application directory [C:\Users\FAMILIA\Documents\GitHub\Proyecto2-Progra\apache-tomcat-10.1.42\webapps\ROOT] has finished in [110] ms
02-Jul-2025 13:13:45.475 INFO [main] org.apache.coyote.AbstractProtocol.start Starting ProtocolHandler ["http-nio-8080"]
02-Jul-2025 13:13:45.612 INFO [main] org.apache.catalina.startup.Catalina.start Server startup in [10353] milliseconds
02-Jul-2025 13:35:04.294 INFO [http-nio-8080-exec-2] org.apache.catalina.startup.HostConfig.undeploy Repliegue (undeploy) de la aplicación web que tiene como trayectoria de contexto [/Proyecto2-Progra]
02-Jul-2025 13:35:04.419 INFO [http-nio-8080-exec-1] org.apache.catalina.startup.HostConfig.deployDescriptor Desplieque del descriptor de configuración [C:\Users\FAMILIA\Documents\GitHub\Proyecto2-Progra\apache-tomcat-10.1.42\conf\Catalina\localhost\Proyecto2-Progra.xml]
02-Jul-2025 13:35:04.421 WARNING [http-nio-8080-exec-1] org.apache.catalina.startup.HostConfig.deployDescriptor The path attribute with value [/Proyecto2-Progra] in deployment descriptor [C:\Users\FAMILIA\Documents\GitHub\Proyecto2-Progra\apache-tomcat-10.1.42\conf\Catalina\localhost\Proyecto2-Progra.xml] has been ignored
02-Jul-2025 13:35:07.358 INFO [http-nio-8080-exec-1] org.apache.jasper.servlet.TldScanner.scanJars Al menos un JAR, que se ha explorado buscando TLDs, aún no contenía TLDs. Activar historial de depuración para este historiador para una completa lista de los JARs que fueron explorados y de los que nos se halló TLDs. Saltarse JARs no necesarios durante la exploración puede dar lugar a una mejora de tiempo significativa en el arranque y compilación de JSP .
02-Jul-2025 13:35:07.702 INFO [http-nio-8080-exec-1] com.sun.faces.config.ConfigureListener.contextInitialized Inicializando Mojarra 3.0.0 para el contexto '/Proyecto2-Progra'
02-Jul-2025 13:35:07.862 INFO [http-nio-8080-exec-1] com.sun.faces.spi.InjectionProviderFactory.createInstance JSF1048: hay presentes anotaciones PostConstruct/PreDestroy.  Los métodos de beans administrados marcados con estas anotaciones procesarán dichas anotaciones.
02-Jul-2025 13:35:09.074 INFO [http-nio-8080-exec-1] org.apache.catalina.startup.HostConfig.deployDescriptor Deployment of deployment descriptor [C:\Users\FAMILIA\Documents\GitHub\Proyecto2-Progra\apache-tomcat-10.1.42\conf\Catalina\localhost\Proyecto2-Progra.xml] has finished in [4.655] ms
02-Jul-2025 13:35:09.081 INFO [http-nio-8080-exec-1] org.apache.catalina.util.LifecycleBase.start The start() method was called on component [StandardEngine[Catalina].StandardHost[localhost].StandardContext[/Proyecto2-Progra]] after start() had already been called. The second call will be ignored.
02-Jul-2025 14:28:10.978 INFO [http-nio-8080-exec-19] org.apache.catalina.startup.HostConfig.undeploy Repliegue (undeploy) de la aplicación web que tiene como trayectoria de contexto [/Proyecto2-Progra]
02-Jul-2025 14:28:11.041 INFO [http-nio-8080-exec-11] org.apache.catalina.startup.HostConfig.deployDescriptor Desplieque del descriptor de configuración [C:\Users\FAMILIA\Documents\GitHub\Proyecto2-Progra\apache-tomcat-10.1.42\conf\Catalina\localhost\Proyecto2-Progra.xml]
02-Jul-2025 14:28:11.045 WARNING [http-nio-8080-exec-11] org.apache.catalina.startup.HostConfig.deployDescriptor The path attribute with value [/Proyecto2-Progra] in deployment descriptor [C:\Users\FAMILIA\Documents\GitHub\Proyecto2-Progra\apache-tomcat-10.1.42\conf\Catalina\localhost\Proyecto2-Progra.xml] has been ignored
02-Jul-2025 14:28:13.833 INFO [http-nio-8080-exec-11] org.apache.jasper.servlet.TldScanner.scanJars Al menos un JAR, que se ha explorado buscando TLDs, aún no contenía TLDs. Activar historial de depuración para este historiador para una completa lista de los JARs que fueron explorados y de los que nos se halló TLDs. Saltarse JARs no necesarios durante la exploración puede dar lugar a una mejora de tiempo significativa en el arranque y compilación de JSP .
02-Jul-2025 14:28:14.048 INFO [http-nio-8080-exec-11] com.sun.faces.config.ConfigureListener.contextInitialized Inicializando Mojarra 3.0.0 para el contexto '/Proyecto2-Progra'
02-Jul-2025 14:28:14.213 INFO [http-nio-8080-exec-11] com.sun.faces.spi.InjectionProviderFactory.createInstance JSF1048: hay presentes anotaciones PostConstruct/PreDestroy.  Los métodos de beans administrados marcados con estas anotaciones procesarán dichas anotaciones.
02-Jul-2025 14:28:15.138 INFO [http-nio-8080-exec-11] org.apache.catalina.startup.HostConfig.deployDescriptor Deployment of deployment descriptor [C:\Users\FAMILIA\Documents\GitHub\Proyecto2-Progra\apache-tomcat-10.1.42\conf\Catalina\localhost\Proyecto2-Progra.xml] has finished in [4.097] ms
02-Jul-2025 14:28:15.145 INFO [http-nio-8080-exec-11] org.apache.catalina.util.LifecycleBase.start The start() method was called on component [StandardEngine[Catalina].StandardHost[localhost].StandardContext[/Proyecto2-Progra]] after start() had already been called. The second call will be ignored.
02-Jul-2025 14:53:11.245 INFO [http-nio-8080-exec-21] org.apache.catalina.startup.HostConfig.undeploy Repliegue (undeploy) de la aplicación web que tiene como trayectoria de contexto [/Proyecto2-Progra]
02-Jul-2025 14:53:11.294 INFO [http-nio-8080-exec-21] org.apache.catalina.startup.HostConfig.deployDescriptor Desplieque del descriptor de configuración [C:\Users\FAMILIA\Documents\GitHub\Proyecto2-Progra\apache-tomcat-10.1.42\conf\Catalina\localhost\Proyecto2-Progra.xml]
02-Jul-2025 14:53:11.296 WARNING [http-nio-8080-exec-21] org.apache.catalina.startup.HostConfig.deployDescriptor The path attribute with value [/Proyecto2-Progra] in deployment descriptor [C:\Users\FAMILIA\Documents\GitHub\Proyecto2-Progra\apache-tomcat-10.1.42\conf\Catalina\localhost\Proyecto2-Progra.xml] has been ignored
02-Jul-2025 14:53:13.585 INFO [http-nio-8080-exec-21] org.apache.jasper.servlet.TldScanner.scanJars Al menos un JAR, que se ha explorado buscando TLDs, aún no contenía TLDs. Activar historial de depuración para este historiador para una completa lista de los JARs que fueron explorados y de los que nos se halló TLDs. Saltarse JARs no necesarios durante la exploración puede dar lugar a una mejora de tiempo significativa en el arranque y compilación de JSP .
02-Jul-2025 14:53:13.742 INFO [http-nio-8080-exec-21] com.sun.faces.config.ConfigureListener.contextInitialized Inicializando Mojarra 3.0.0 para el contexto '/Proyecto2-Progra'
02-Jul-2025 14:53:14.347 INFO [http-nio-8080-exec-21] com.sun.faces.spi.InjectionProviderFactory.createInstance JSF1048: hay presentes anotaciones PostConstruct/PreDestroy.  Los métodos de beans administrados marcados con estas anotaciones procesarán dichas anotaciones.
02-Jul-2025 14:53:15.412 INFO [http-nio-8080-exec-21] org.apache.catalina.startup.HostConfig.deployDescriptor Deployment of deployment descriptor [C:\Users\FAMILIA\Documents\GitHub\Proyecto2-Progra\apache-tomcat-10.1.42\conf\Catalina\localhost\Proyecto2-Progra.xml] has finished in [4.117] ms
02-Jul-2025 14:53:15.416 INFO [http-nio-8080-exec-29] org.apache.catalina.util.LifecycleBase.start The start() method was called on component [StandardEngine[Catalina].StandardHost[localhost].StandardContext[/Proyecto2-Progra]] after start() had already been called. The second call will be ignored.
