02-Jul-2025 10:57:07.177 INFO [main] org.apache.catalina.core.ApplicationContext.log ContextListener: contextInitialized()
02-Jul-2025 10:57:07.177 INFO [main] org.apache.catalina.core.ApplicationContext.log SessionListener: contextInitialized()
02-Jul-2025 10:57:07.184 INFO [main] org.apache.catalina.core.ApplicationContext.log ContextListener: attributeAdded('StockTicker', 'async.Stockticker@495f3965')
02-Jul-2025 12:49:18.671 SEVERE [http-nio-8080-exec-31] org.apache.catalina.core.ApplicationDispatcher.invoke El Servlet.service() para servlet [jsp] lanzó una excepción
	org.apache.jasper.JasperException: No se puede compilar la clase para JSP: 

Ha tenido lugar un error en la línea: [61] en el archivo jsp: [/actualizarVehiculo.jsp]
Vehiculos cannot be resolved to a type
58:     <%
59:         String mensaje = (String) request.getAttribute("mensaje");
60:         String tipoMensaje = (String) request.getAttribute("tipoMensaje");
61:         Vehiculos vehiculo = (Vehiculos) request.getAttribute("vehiculo");
62:         List<Cliente> listaClientes = (List<Cliente>) request.getAttribute("listaClientes");
63:         String placaParam = (String) request.getAttribute("placaParam"); 
64:     %>


Ha tenido lugar un error en la línea: [61] en el archivo jsp: [/actualizarVehiculo.jsp]
Vehiculos cannot be resolved to a type
58:     <%
59:         String mensaje = (String) request.getAttribute("mensaje");
60:         String tipoMensaje = (String) request.getAttribute("tipoMensaje");
61:         Vehiculos vehiculo = (Vehiculos) request.getAttribute("vehiculo");
62:         List<Cliente> listaClientes = (List<Cliente>) request.getAttribute("listaClientes");
63:         String placaParam = (String) request.getAttribute("placaParam"); 
64:     %>


Stacktrace:
		at org.apache.jasper.compiler.DefaultErrorHandler.javacError(DefaultErrorHandler.java:72)
		at org.apache.jasper.compiler.ErrorDispatcher.javacError(ErrorDispatcher.java:192)
		at org.apache.jasper.compiler.JDTCompiler.generateClass(JDTCompiler.java:555)
		at org.apache.jasper.compiler.Compiler.compile(Compiler.java:374)
		at org.apache.jasper.compiler.Compiler.compile(Compiler.java:346)
		at org.apache.jasper.compiler.Compiler.compile(Compiler.java:332)
		at org.apache.jasper.JspCompilationContext.compile(JspCompilationContext.java:592)
		at org.apache.jasper.servlet.JspServletWrapper.service(JspServletWrapper.java:376)
		at org.apache.jasper.servlet.JspServlet.serviceJspFile(JspServlet.java:357)
		at org.apache.jasper.servlet.JspServlet.service(JspServlet.java:308)
		at jakarta.servlet.http.HttpServlet.service(HttpServlet.java:658)
		at org.apache.catalina.core.ApplicationFilterChain.internalDoFilter(ApplicationFilterChain.java:195)
		at org.apache.catalina.core.ApplicationFilterChain.doFilter(ApplicationFilterChain.java:140)
		at org.apache.tomcat.websocket.server.WsFilter.doFilter(WsFilter.java:51)
		at org.apache.catalina.core.ApplicationFilterChain.internalDoFilter(ApplicationFilterChain.java:164)
		at org.apache.catalina.core.ApplicationFilterChain.doFilter(ApplicationFilterChain.java:140)
		at org.apache.catalina.core.ApplicationDispatcher.invoke(ApplicationDispatcher.java:612)
		at org.apache.catalina.core.ApplicationDispatcher.processRequest(ApplicationDispatcher.java:394)
		at org.apache.catalina.core.ApplicationDispatcher.doForward(ApplicationDispatcher.java:323)
		at org.apache.catalina.core.ApplicationDispatcher.forward(ApplicationDispatcher.java:268)
		at cr.ac.ucr.paraiso.proyecto2.progra.servlets.ActualizarVehiculoServlet.doGet(ActualizarVehiculoServlet.java:80)
		at jakarta.servlet.http.HttpServlet.service(HttpServlet.java:564)
		at jakarta.servlet.http.HttpServlet.service(HttpServlet.java:658)
		at org.apache.catalina.core.ApplicationFilterChain.internalDoFilter(ApplicationFilterChain.java:195)
		at org.apache.catalina.core.ApplicationFilterChain.doFilter(ApplicationFilterChain.java:140)
		at org.apache.tomcat.websocket.server.WsFilter.doFilter(WsFilter.java:51)
		at org.apache.catalina.core.ApplicationFilterChain.internalDoFilter(ApplicationFilterChain.java:164)
		at org.apache.catalina.core.ApplicationFilterChain.doFilter(ApplicationFilterChain.java:140)
		at org.apache.catalina.core.StandardWrapperValve.invoke(StandardWrapperValve.java:167)
		at org.apache.catalina.core.StandardContextValve.invoke(StandardContextValve.java:90)
		at org.apache.catalina.authenticator.AuthenticatorBase.invoke(AuthenticatorBase.java:483)
		at org.apache.catalina.core.StandardHostValve.invoke(StandardHostValve.java:116)
		at org.apache.catalina.valves.ErrorReportValve.invoke(ErrorReportValve.java:93)
		at org.apache.catalina.valves.AbstractAccessLogValve.invoke(AbstractAccessLogValve.java:666)
		at org.apache.catalina.core.StandardEngineValve.invoke(StandardEngineValve.java:74)
		at org.apache.catalina.connector.CoyoteAdapter.service(CoyoteAdapter.java:344)
		at org.apache.coyote.http11.Http11Processor.service(Http11Processor.java:398)
		at org.apache.coyote.AbstractProcessorLight.process(AbstractProcessorLight.java:63)
		at org.apache.coyote.AbstractProtocol$ConnectionHandler.process(AbstractProtocol.java:903)
		at org.apache.tomcat.util.net.NioEndpoint$SocketProcessor.doRun(NioEndpoint.java:1769)
		at org.apache.tomcat.util.net.SocketProcessorBase.run(SocketProcessorBase.java:52)
		at org.apache.tomcat.util.threads.ThreadPoolExecutor.runWorker(ThreadPoolExecutor.java:1189)
		at org.apache.tomcat.util.threads.ThreadPoolExecutor$Worker.run(ThreadPoolExecutor.java:658)
		at org.apache.tomcat.util.threads.TaskThread$WrappingRunnable.run(TaskThread.java:63)
		at java.base/java.lang.Thread.run(Thread.java:1570)
02-Jul-2025 12:49:18.673 SEVERE [http-nio-8080-exec-31] org.apache.catalina.core.StandardWrapperValve.invoke El Servlet.service() para el servlet [ActualizarVehiculoServlet] en el contexto con ruta [/Proyecto2-Progra] lanzó la excepción [No se puede compilar la clase para JSP: 

Ha tenido lugar un error en la línea: [61] en el archivo jsp: [/actualizarVehiculo.jsp]
Vehiculos cannot be resolved to a type
58:     <%
59:         String mensaje = (String) request.getAttribute("mensaje");
60:         String tipoMensaje = (String) request.getAttribute("tipoMensaje");
61:         Vehiculos vehiculo = (Vehiculos) request.getAttribute("vehiculo");
62:         List<Cliente> listaClientes = (List<Cliente>) request.getAttribute("listaClientes");
63:         String placaParam = (String) request.getAttribute("placaParam"); 
64:     %>


Ha tenido lugar un error en la línea: [61] en el archivo jsp: [/actualizarVehiculo.jsp]
Vehiculos cannot be resolved to a type
58:     <%
59:         String mensaje = (String) request.getAttribute("mensaje");
60:         String tipoMensaje = (String) request.getAttribute("tipoMensaje");
61:         Vehiculos vehiculo = (Vehiculos) request.getAttribute("vehiculo");
62:         List<Cliente> listaClientes = (List<Cliente>) request.getAttribute("listaClientes");
63:         String placaParam = (String) request.getAttribute("placaParam"); 
64:     %>


Stacktrace:] con causa raíz
	org.apache.jasper.JasperException: No se puede compilar la clase para JSP: 

Ha tenido lugar un error en la línea: [61] en el archivo jsp: [/actualizarVehiculo.jsp]
Vehiculos cannot be resolved to a type
58:     <%
59:         String mensaje = (String) request.getAttribute("mensaje");
60:         String tipoMensaje = (String) request.getAttribute("tipoMensaje");
61:         Vehiculos vehiculo = (Vehiculos) request.getAttribute("vehiculo");
62:         List<Cliente> listaClientes = (List<Cliente>) request.getAttribute("listaClientes");
63:         String placaParam = (String) request.getAttribute("placaParam"); 
64:     %>


Ha tenido lugar un error en la línea: [61] en el archivo jsp: [/actualizarVehiculo.jsp]
Vehiculos cannot be resolved to a type
58:     <%
59:         String mensaje = (String) request.getAttribute("mensaje");
60:         String tipoMensaje = (String) request.getAttribute("tipoMensaje");
61:         Vehiculos vehiculo = (Vehiculos) request.getAttribute("vehiculo");
62:         List<Cliente> listaClientes = (List<Cliente>) request.getAttribute("listaClientes");
63:         String placaParam = (String) request.getAttribute("placaParam"); 
64:     %>


Stacktrace:
		at org.apache.jasper.compiler.DefaultErrorHandler.javacError(DefaultErrorHandler.java:72)
		at org.apache.jasper.compiler.ErrorDispatcher.javacError(ErrorDispatcher.java:192)
		at org.apache.jasper.compiler.JDTCompiler.generateClass(JDTCompiler.java:555)
		at org.apache.jasper.compiler.Compiler.compile(Compiler.java:374)
		at org.apache.jasper.compiler.Compiler.compile(Compiler.java:346)
		at org.apache.jasper.compiler.Compiler.compile(Compiler.java:332)
		at org.apache.jasper.JspCompilationContext.compile(JspCompilationContext.java:592)
		at org.apache.jasper.servlet.JspServletWrapper.service(JspServletWrapper.java:376)
		at org.apache.jasper.servlet.JspServlet.serviceJspFile(JspServlet.java:357)
		at org.apache.jasper.servlet.JspServlet.service(JspServlet.java:308)
		at jakarta.servlet.http.HttpServlet.service(HttpServlet.java:658)
		at org.apache.catalina.core.ApplicationFilterChain.internalDoFilter(ApplicationFilterChain.java:195)
		at org.apache.catalina.core.ApplicationFilterChain.doFilter(ApplicationFilterChain.java:140)
		at org.apache.tomcat.websocket.server.WsFilter.doFilter(WsFilter.java:51)
		at org.apache.catalina.core.ApplicationFilterChain.internalDoFilter(ApplicationFilterChain.java:164)
		at org.apache.catalina.core.ApplicationFilterChain.doFilter(ApplicationFilterChain.java:140)
		at org.apache.catalina.core.ApplicationDispatcher.invoke(ApplicationDispatcher.java:612)
		at org.apache.catalina.core.ApplicationDispatcher.processRequest(ApplicationDispatcher.java:394)
		at org.apache.catalina.core.ApplicationDispatcher.doForward(ApplicationDispatcher.java:323)
		at org.apache.catalina.core.ApplicationDispatcher.forward(ApplicationDispatcher.java:268)
		at cr.ac.ucr.paraiso.proyecto2.progra.servlets.ActualizarVehiculoServlet.doGet(ActualizarVehiculoServlet.java:80)
		at jakarta.servlet.http.HttpServlet.service(HttpServlet.java:564)
		at jakarta.servlet.http.HttpServlet.service(HttpServlet.java:658)
		at org.apache.catalina.core.ApplicationFilterChain.internalDoFilter(ApplicationFilterChain.java:195)
		at org.apache.catalina.core.ApplicationFilterChain.doFilter(ApplicationFilterChain.java:140)
		at org.apache.tomcat.websocket.server.WsFilter.doFilter(WsFilter.java:51)
		at org.apache.catalina.core.ApplicationFilterChain.internalDoFilter(ApplicationFilterChain.java:164)
		at org.apache.catalina.core.ApplicationFilterChain.doFilter(ApplicationFilterChain.java:140)
		at org.apache.catalina.core.StandardWrapperValve.invoke(StandardWrapperValve.java:167)
		at org.apache.catalina.core.StandardContextValve.invoke(StandardContextValve.java:90)
		at org.apache.catalina.authenticator.AuthenticatorBase.invoke(AuthenticatorBase.java:483)
		at org.apache.catalina.core.StandardHostValve.invoke(StandardHostValve.java:116)
		at org.apache.catalina.valves.ErrorReportValve.invoke(ErrorReportValve.java:93)
		at org.apache.catalina.valves.AbstractAccessLogValve.invoke(AbstractAccessLogValve.java:666)
		at org.apache.catalina.core.StandardEngineValve.invoke(StandardEngineValve.java:74)
		at org.apache.catalina.connector.CoyoteAdapter.service(CoyoteAdapter.java:344)
		at org.apache.coyote.http11.Http11Processor.service(Http11Processor.java:398)
		at org.apache.coyote.AbstractProcessorLight.process(AbstractProcessorLight.java:63)
		at org.apache.coyote.AbstractProtocol$ConnectionHandler.process(AbstractProtocol.java:903)
		at org.apache.tomcat.util.net.NioEndpoint$SocketProcessor.doRun(NioEndpoint.java:1769)
		at org.apache.tomcat.util.net.SocketProcessorBase.run(SocketProcessorBase.java:52)
		at org.apache.tomcat.util.threads.ThreadPoolExecutor.runWorker(ThreadPoolExecutor.java:1189)
		at org.apache.tomcat.util.threads.ThreadPoolExecutor$Worker.run(ThreadPoolExecutor.java:658)
		at org.apache.tomcat.util.threads.TaskThread$WrappingRunnable.run(TaskThread.java:63)
		at java.base/java.lang.Thread.run(Thread.java:1570)
02-Jul-2025 13:02:01.128 SEVERE [http-nio-8080-exec-45] org.apache.catalina.core.ApplicationDispatcher.invoke El Servlet.service() para servlet [jsp] lanzó una excepción
	org.apache.jasper.JasperException: No se puede compilar la clase para JSP: 

Ha tenido lugar un error en la línea: [61] en el archivo jsp: [/actualizarVehiculo.jsp]
Vehiculos cannot be resolved to a type
58:     <%
59:         String mensaje = (String) request.getAttribute("mensaje");
60:         String tipoMensaje = (String) request.getAttribute("tipoMensaje");
61:         Vehiculos vehiculo = (Vehiculos) request.getAttribute("vehiculo");
62:         List<Cliente> listaClientes = (List<Cliente>) request.getAttribute("listaClientes");
63:         String placaParam = (String) request.getAttribute("placaParam"); 
64:     %>


Ha tenido lugar un error en la línea: [61] en el archivo jsp: [/actualizarVehiculo.jsp]
Vehiculos cannot be resolved to a type
58:     <%
59:         String mensaje = (String) request.getAttribute("mensaje");
60:         String tipoMensaje = (String) request.getAttribute("tipoMensaje");
61:         Vehiculos vehiculo = (Vehiculos) request.getAttribute("vehiculo");
62:         List<Cliente> listaClientes = (List<Cliente>) request.getAttribute("listaClientes");
63:         String placaParam = (String) request.getAttribute("placaParam"); 
64:     %>


Stacktrace:
		at org.apache.jasper.compiler.DefaultErrorHandler.javacError(DefaultErrorHandler.java:72)
		at org.apache.jasper.compiler.ErrorDispatcher.javacError(ErrorDispatcher.java:192)
		at org.apache.jasper.compiler.JDTCompiler.generateClass(JDTCompiler.java:555)
		at org.apache.jasper.compiler.Compiler.compile(Compiler.java:374)
		at org.apache.jasper.compiler.Compiler.compile(Compiler.java:346)
		at org.apache.jasper.compiler.Compiler.compile(Compiler.java:332)
		at org.apache.jasper.JspCompilationContext.compile(JspCompilationContext.java:592)
		at org.apache.jasper.servlet.JspServletWrapper.service(JspServletWrapper.java:376)
		at org.apache.jasper.servlet.JspServlet.serviceJspFile(JspServlet.java:357)
		at org.apache.jasper.servlet.JspServlet.service(JspServlet.java:308)
		at jakarta.servlet.http.HttpServlet.service(HttpServlet.java:658)
		at org.apache.catalina.core.ApplicationFilterChain.internalDoFilter(ApplicationFilterChain.java:195)
		at org.apache.catalina.core.ApplicationFilterChain.doFilter(ApplicationFilterChain.java:140)
		at org.apache.tomcat.websocket.server.WsFilter.doFilter(WsFilter.java:51)
		at org.apache.catalina.core.ApplicationFilterChain.internalDoFilter(ApplicationFilterChain.java:164)
		at org.apache.catalina.core.ApplicationFilterChain.doFilter(ApplicationFilterChain.java:140)
		at org.apache.catalina.core.ApplicationDispatcher.invoke(ApplicationDispatcher.java:612)
		at org.apache.catalina.core.ApplicationDispatcher.processRequest(ApplicationDispatcher.java:394)
		at org.apache.catalina.core.ApplicationDispatcher.doForward(ApplicationDispatcher.java:323)
		at org.apache.catalina.core.ApplicationDispatcher.forward(ApplicationDispatcher.java:268)
		at cr.ac.ucr.paraiso.proyecto2.progra.servlets.ActualizarVehiculoServlet.doGet(ActualizarVehiculoServlet.java:80)
		at jakarta.servlet.http.HttpServlet.service(HttpServlet.java:564)
		at jakarta.servlet.http.HttpServlet.service(HttpServlet.java:658)
		at org.apache.catalina.core.ApplicationFilterChain.internalDoFilter(ApplicationFilterChain.java:195)
		at org.apache.catalina.core.ApplicationFilterChain.doFilter(ApplicationFilterChain.java:140)
		at org.apache.tomcat.websocket.server.WsFilter.doFilter(WsFilter.java:51)
		at org.apache.catalina.core.ApplicationFilterChain.internalDoFilter(ApplicationFilterChain.java:164)
		at org.apache.catalina.core.ApplicationFilterChain.doFilter(ApplicationFilterChain.java:140)
		at org.apache.catalina.core.StandardWrapperValve.invoke(StandardWrapperValve.java:167)
		at org.apache.catalina.core.StandardContextValve.invoke(StandardContextValve.java:90)
		at org.apache.catalina.authenticator.AuthenticatorBase.invoke(AuthenticatorBase.java:483)
		at org.apache.catalina.core.StandardHostValve.invoke(StandardHostValve.java:116)
		at org.apache.catalina.valves.ErrorReportValve.invoke(ErrorReportValve.java:93)
		at org.apache.catalina.valves.AbstractAccessLogValve.invoke(AbstractAccessLogValve.java:666)
		at org.apache.catalina.core.StandardEngineValve.invoke(StandardEngineValve.java:74)
		at org.apache.catalina.connector.CoyoteAdapter.service(CoyoteAdapter.java:344)
		at org.apache.coyote.http11.Http11Processor.service(Http11Processor.java:398)
		at org.apache.coyote.AbstractProcessorLight.process(AbstractProcessorLight.java:63)
		at org.apache.coyote.AbstractProtocol$ConnectionHandler.process(AbstractProtocol.java:903)
		at org.apache.tomcat.util.net.NioEndpoint$SocketProcessor.doRun(NioEndpoint.java:1769)
		at org.apache.tomcat.util.net.SocketProcessorBase.run(SocketProcessorBase.java:52)
		at org.apache.tomcat.util.threads.ThreadPoolExecutor.runWorker(ThreadPoolExecutor.java:1189)
		at org.apache.tomcat.util.threads.ThreadPoolExecutor$Worker.run(ThreadPoolExecutor.java:658)
		at org.apache.tomcat.util.threads.TaskThread$WrappingRunnable.run(TaskThread.java:63)
		at java.base/java.lang.Thread.run(Thread.java:1570)
02-Jul-2025 13:02:01.140 SEVERE [http-nio-8080-exec-45] org.apache.catalina.core.StandardWrapperValve.invoke El Servlet.service() para el servlet [ActualizarVehiculoServlet] en el contexto con ruta [/Proyecto2-Progra] lanzó la excepción [No se puede compilar la clase para JSP: 

Ha tenido lugar un error en la línea: [61] en el archivo jsp: [/actualizarVehiculo.jsp]
Vehiculos cannot be resolved to a type
58:     <%
59:         String mensaje = (String) request.getAttribute("mensaje");
60:         String tipoMensaje = (String) request.getAttribute("tipoMensaje");
61:         Vehiculos vehiculo = (Vehiculos) request.getAttribute("vehiculo");
62:         List<Cliente> listaClientes = (List<Cliente>) request.getAttribute("listaClientes");
63:         String placaParam = (String) request.getAttribute("placaParam"); 
64:     %>


Ha tenido lugar un error en la línea: [61] en el archivo jsp: [/actualizarVehiculo.jsp]
Vehiculos cannot be resolved to a type
58:     <%
59:         String mensaje = (String) request.getAttribute("mensaje");
60:         String tipoMensaje = (String) request.getAttribute("tipoMensaje");
61:         Vehiculos vehiculo = (Vehiculos) request.getAttribute("vehiculo");
62:         List<Cliente> listaClientes = (List<Cliente>) request.getAttribute("listaClientes");
63:         String placaParam = (String) request.getAttribute("placaParam"); 
64:     %>


Stacktrace:] con causa raíz
	org.apache.jasper.JasperException: No se puede compilar la clase para JSP: 

Ha tenido lugar un error en la línea: [61] en el archivo jsp: [/actualizarVehiculo.jsp]
Vehiculos cannot be resolved to a type
58:     <%
59:         String mensaje = (String) request.getAttribute("mensaje");
60:         String tipoMensaje = (String) request.getAttribute("tipoMensaje");
61:         Vehiculos vehiculo = (Vehiculos) request.getAttribute("vehiculo");
62:         List<Cliente> listaClientes = (List<Cliente>) request.getAttribute("listaClientes");
63:         String placaParam = (String) request.getAttribute("placaParam"); 
64:     %>


Ha tenido lugar un error en la línea: [61] en el archivo jsp: [/actualizarVehiculo.jsp]
Vehiculos cannot be resolved to a type
58:     <%
59:         String mensaje = (String) request.getAttribute("mensaje");
60:         String tipoMensaje = (String) request.getAttribute("tipoMensaje");
61:         Vehiculos vehiculo = (Vehiculos) request.getAttribute("vehiculo");
62:         List<Cliente> listaClientes = (List<Cliente>) request.getAttribute("listaClientes");
63:         String placaParam = (String) request.getAttribute("placaParam"); 
64:     %>


Stacktrace:
		at org.apache.jasper.compiler.DefaultErrorHandler.javacError(DefaultErrorHandler.java:72)
		at org.apache.jasper.compiler.ErrorDispatcher.javacError(ErrorDispatcher.java:192)
		at org.apache.jasper.compiler.JDTCompiler.generateClass(JDTCompiler.java:555)
		at org.apache.jasper.compiler.Compiler.compile(Compiler.java:374)
		at org.apache.jasper.compiler.Compiler.compile(Compiler.java:346)
		at org.apache.jasper.compiler.Compiler.compile(Compiler.java:332)
		at org.apache.jasper.JspCompilationContext.compile(JspCompilationContext.java:592)
		at org.apache.jasper.servlet.JspServletWrapper.service(JspServletWrapper.java:376)
		at org.apache.jasper.servlet.JspServlet.serviceJspFile(JspServlet.java:357)
		at org.apache.jasper.servlet.JspServlet.service(JspServlet.java:308)
		at jakarta.servlet.http.HttpServlet.service(HttpServlet.java:658)
		at org.apache.catalina.core.ApplicationFilterChain.internalDoFilter(ApplicationFilterChain.java:195)
		at org.apache.catalina.core.ApplicationFilterChain.doFilter(ApplicationFilterChain.java:140)
		at org.apache.tomcat.websocket.server.WsFilter.doFilter(WsFilter.java:51)
		at org.apache.catalina.core.ApplicationFilterChain.internalDoFilter(ApplicationFilterChain.java:164)
		at org.apache.catalina.core.ApplicationFilterChain.doFilter(ApplicationFilterChain.java:140)
		at org.apache.catalina.core.ApplicationDispatcher.invoke(ApplicationDispatcher.java:612)
		at org.apache.catalina.core.ApplicationDispatcher.processRequest(ApplicationDispatcher.java:394)
		at org.apache.catalina.core.ApplicationDispatcher.doForward(ApplicationDispatcher.java:323)
		at org.apache.catalina.core.ApplicationDispatcher.forward(ApplicationDispatcher.java:268)
		at cr.ac.ucr.paraiso.proyecto2.progra.servlets.ActualizarVehiculoServlet.doGet(ActualizarVehiculoServlet.java:80)
		at jakarta.servlet.http.HttpServlet.service(HttpServlet.java:564)
		at jakarta.servlet.http.HttpServlet.service(HttpServlet.java:658)
		at org.apache.catalina.core.ApplicationFilterChain.internalDoFilter(ApplicationFilterChain.java:195)
		at org.apache.catalina.core.ApplicationFilterChain.doFilter(ApplicationFilterChain.java:140)
		at org.apache.tomcat.websocket.server.WsFilter.doFilter(WsFilter.java:51)
		at org.apache.catalina.core.ApplicationFilterChain.internalDoFilter(ApplicationFilterChain.java:164)
		at org.apache.catalina.core.ApplicationFilterChain.doFilter(ApplicationFilterChain.java:140)
		at org.apache.catalina.core.StandardWrapperValve.invoke(StandardWrapperValve.java:167)
		at org.apache.catalina.core.StandardContextValve.invoke(StandardContextValve.java:90)
		at org.apache.catalina.authenticator.AuthenticatorBase.invoke(AuthenticatorBase.java:483)
		at org.apache.catalina.core.StandardHostValve.invoke(StandardHostValve.java:116)
		at org.apache.catalina.valves.ErrorReportValve.invoke(ErrorReportValve.java:93)
		at org.apache.catalina.valves.AbstractAccessLogValve.invoke(AbstractAccessLogValve.java:666)
		at org.apache.catalina.core.StandardEngineValve.invoke(StandardEngineValve.java:74)
		at org.apache.catalina.connector.CoyoteAdapter.service(CoyoteAdapter.java:344)
		at org.apache.coyote.http11.Http11Processor.service(Http11Processor.java:398)
		at org.apache.coyote.AbstractProcessorLight.process(AbstractProcessorLight.java:63)
		at org.apache.coyote.AbstractProtocol$ConnectionHandler.process(AbstractProtocol.java:903)
		at org.apache.tomcat.util.net.NioEndpoint$SocketProcessor.doRun(NioEndpoint.java:1769)
		at org.apache.tomcat.util.net.SocketProcessorBase.run(SocketProcessorBase.java:52)
		at org.apache.tomcat.util.threads.ThreadPoolExecutor.runWorker(ThreadPoolExecutor.java:1189)
		at org.apache.tomcat.util.threads.ThreadPoolExecutor$Worker.run(ThreadPoolExecutor.java:658)
		at org.apache.tomcat.util.threads.TaskThread$WrappingRunnable.run(TaskThread.java:63)
		at java.base/java.lang.Thread.run(Thread.java:1570)
02-Jul-2025 13:02:18.362 SEVERE [http-nio-8080-exec-48] org.apache.catalina.core.ApplicationDispatcher.invoke El Servlet.service() para servlet [jsp] lanzó una excepción
	org.apache.jasper.JasperException: No se puede compilar la clase para JSP: 

Ha tenido lugar un error en la línea: [61] en el archivo jsp: [/actualizarVehiculo.jsp]
Vehiculos cannot be resolved to a type
58:     <%
59:         String mensaje = (String) request.getAttribute("mensaje");
60:         String tipoMensaje = (String) request.getAttribute("tipoMensaje");
61:         Vehiculos vehiculo = (Vehiculos) request.getAttribute("vehiculo");
62:         List<Cliente> listaClientes = (List<Cliente>) request.getAttribute("listaClientes");
63:         String placaParam = (String) request.getAttribute("placaParam"); 
64:     %>


Ha tenido lugar un error en la línea: [61] en el archivo jsp: [/actualizarVehiculo.jsp]
Vehiculos cannot be resolved to a type
58:     <%
59:         String mensaje = (String) request.getAttribute("mensaje");
60:         String tipoMensaje = (String) request.getAttribute("tipoMensaje");
61:         Vehiculos vehiculo = (Vehiculos) request.getAttribute("vehiculo");
62:         List<Cliente> listaClientes = (List<Cliente>) request.getAttribute("listaClientes");
63:         String placaParam = (String) request.getAttribute("placaParam"); 
64:     %>


Stacktrace:
		at org.apache.jasper.compiler.DefaultErrorHandler.javacError(DefaultErrorHandler.java:72)
		at org.apache.jasper.compiler.ErrorDispatcher.javacError(ErrorDispatcher.java:192)
		at org.apache.jasper.compiler.JDTCompiler.generateClass(JDTCompiler.java:555)
		at org.apache.jasper.compiler.Compiler.compile(Compiler.java:374)
		at org.apache.jasper.compiler.Compiler.compile(Compiler.java:346)
		at org.apache.jasper.compiler.Compiler.compile(Compiler.java:332)
		at org.apache.jasper.JspCompilationContext.compile(JspCompilationContext.java:592)
		at org.apache.jasper.servlet.JspServletWrapper.service(JspServletWrapper.java:376)
		at org.apache.jasper.servlet.JspServlet.serviceJspFile(JspServlet.java:357)
		at org.apache.jasper.servlet.JspServlet.service(JspServlet.java:308)
		at jakarta.servlet.http.HttpServlet.service(HttpServlet.java:658)
		at org.apache.catalina.core.ApplicationFilterChain.internalDoFilter(ApplicationFilterChain.java:195)
		at org.apache.catalina.core.ApplicationFilterChain.doFilter(ApplicationFilterChain.java:140)
		at org.apache.tomcat.websocket.server.WsFilter.doFilter(WsFilter.java:51)
		at org.apache.catalina.core.ApplicationFilterChain.internalDoFilter(ApplicationFilterChain.java:164)
		at org.apache.catalina.core.ApplicationFilterChain.doFilter(ApplicationFilterChain.java:140)
		at org.apache.catalina.core.ApplicationDispatcher.invoke(ApplicationDispatcher.java:612)
		at org.apache.catalina.core.ApplicationDispatcher.processRequest(ApplicationDispatcher.java:394)
		at org.apache.catalina.core.ApplicationDispatcher.doForward(ApplicationDispatcher.java:323)
		at org.apache.catalina.core.ApplicationDispatcher.forward(ApplicationDispatcher.java:268)
		at cr.ac.ucr.paraiso.proyecto2.progra.servlets.ActualizarVehiculoServlet.doGet(ActualizarVehiculoServlet.java:80)
		at jakarta.servlet.http.HttpServlet.service(HttpServlet.java:564)
		at jakarta.servlet.http.HttpServlet.service(HttpServlet.java:658)
		at org.apache.catalina.core.ApplicationFilterChain.internalDoFilter(ApplicationFilterChain.java:195)
		at org.apache.catalina.core.ApplicationFilterChain.doFilter(ApplicationFilterChain.java:140)
		at org.apache.tomcat.websocket.server.WsFilter.doFilter(WsFilter.java:51)
		at org.apache.catalina.core.ApplicationFilterChain.internalDoFilter(ApplicationFilterChain.java:164)
		at org.apache.catalina.core.ApplicationFilterChain.doFilter(ApplicationFilterChain.java:140)
		at org.apache.catalina.core.StandardWrapperValve.invoke(StandardWrapperValve.java:167)
		at org.apache.catalina.core.StandardContextValve.invoke(StandardContextValve.java:90)
		at org.apache.catalina.authenticator.AuthenticatorBase.invoke(AuthenticatorBase.java:483)
		at org.apache.catalina.core.StandardHostValve.invoke(StandardHostValve.java:116)
		at org.apache.catalina.valves.ErrorReportValve.invoke(ErrorReportValve.java:93)
		at org.apache.catalina.valves.AbstractAccessLogValve.invoke(AbstractAccessLogValve.java:666)
		at org.apache.catalina.core.StandardEngineValve.invoke(StandardEngineValve.java:74)
		at org.apache.catalina.connector.CoyoteAdapter.service(CoyoteAdapter.java:344)
		at org.apache.coyote.http11.Http11Processor.service(Http11Processor.java:398)
		at org.apache.coyote.AbstractProcessorLight.process(AbstractProcessorLight.java:63)
		at org.apache.coyote.AbstractProtocol$ConnectionHandler.process(AbstractProtocol.java:903)
		at org.apache.tomcat.util.net.NioEndpoint$SocketProcessor.doRun(NioEndpoint.java:1769)
		at org.apache.tomcat.util.net.SocketProcessorBase.run(SocketProcessorBase.java:52)
		at org.apache.tomcat.util.threads.ThreadPoolExecutor.runWorker(ThreadPoolExecutor.java:1189)
		at org.apache.tomcat.util.threads.ThreadPoolExecutor$Worker.run(ThreadPoolExecutor.java:658)
		at org.apache.tomcat.util.threads.TaskThread$WrappingRunnable.run(TaskThread.java:63)
		at java.base/java.lang.Thread.run(Thread.java:1570)
02-Jul-2025 13:02:18.362 SEVERE [http-nio-8080-exec-48] org.apache.catalina.core.StandardWrapperValve.invoke El Servlet.service() para el servlet [ActualizarVehiculoServlet] en el contexto con ruta [/Proyecto2-Progra] lanzó la excepción [No se puede compilar la clase para JSP: 

Ha tenido lugar un error en la línea: [61] en el archivo jsp: [/actualizarVehiculo.jsp]
Vehiculos cannot be resolved to a type
58:     <%
59:         String mensaje = (String) request.getAttribute("mensaje");
60:         String tipoMensaje = (String) request.getAttribute("tipoMensaje");
61:         Vehiculos vehiculo = (Vehiculos) request.getAttribute("vehiculo");
62:         List<Cliente> listaClientes = (List<Cliente>) request.getAttribute("listaClientes");
63:         String placaParam = (String) request.getAttribute("placaParam"); 
64:     %>


Ha tenido lugar un error en la línea: [61] en el archivo jsp: [/actualizarVehiculo.jsp]
Vehiculos cannot be resolved to a type
58:     <%
59:         String mensaje = (String) request.getAttribute("mensaje");
60:         String tipoMensaje = (String) request.getAttribute("tipoMensaje");
61:         Vehiculos vehiculo = (Vehiculos) request.getAttribute("vehiculo");
62:         List<Cliente> listaClientes = (List<Cliente>) request.getAttribute("listaClientes");
63:         String placaParam = (String) request.getAttribute("placaParam"); 
64:     %>


Stacktrace:] con causa raíz
	org.apache.jasper.JasperException: No se puede compilar la clase para JSP: 

Ha tenido lugar un error en la línea: [61] en el archivo jsp: [/actualizarVehiculo.jsp]
Vehiculos cannot be resolved to a type
58:     <%
59:         String mensaje = (String) request.getAttribute("mensaje");
60:         String tipoMensaje = (String) request.getAttribute("tipoMensaje");
61:         Vehiculos vehiculo = (Vehiculos) request.getAttribute("vehiculo");
62:         List<Cliente> listaClientes = (List<Cliente>) request.getAttribute("listaClientes");
63:         String placaParam = (String) request.getAttribute("placaParam"); 
64:     %>


Ha tenido lugar un error en la línea: [61] en el archivo jsp: [/actualizarVehiculo.jsp]
Vehiculos cannot be resolved to a type
58:     <%
59:         String mensaje = (String) request.getAttribute("mensaje");
60:         String tipoMensaje = (String) request.getAttribute("tipoMensaje");
61:         Vehiculos vehiculo = (Vehiculos) request.getAttribute("vehiculo");
62:         List<Cliente> listaClientes = (List<Cliente>) request.getAttribute("listaClientes");
63:         String placaParam = (String) request.getAttribute("placaParam"); 
64:     %>


Stacktrace:
		at org.apache.jasper.compiler.DefaultErrorHandler.javacError(DefaultErrorHandler.java:72)
		at org.apache.jasper.compiler.ErrorDispatcher.javacError(ErrorDispatcher.java:192)
		at org.apache.jasper.compiler.JDTCompiler.generateClass(JDTCompiler.java:555)
		at org.apache.jasper.compiler.Compiler.compile(Compiler.java:374)
		at org.apache.jasper.compiler.Compiler.compile(Compiler.java:346)
		at org.apache.jasper.compiler.Compiler.compile(Compiler.java:332)
		at org.apache.jasper.JspCompilationContext.compile(JspCompilationContext.java:592)
		at org.apache.jasper.servlet.JspServletWrapper.service(JspServletWrapper.java:376)
		at org.apache.jasper.servlet.JspServlet.serviceJspFile(JspServlet.java:357)
		at org.apache.jasper.servlet.JspServlet.service(JspServlet.java:308)
		at jakarta.servlet.http.HttpServlet.service(HttpServlet.java:658)
		at org.apache.catalina.core.ApplicationFilterChain.internalDoFilter(ApplicationFilterChain.java:195)
		at org.apache.catalina.core.ApplicationFilterChain.doFilter(ApplicationFilterChain.java:140)
		at org.apache.tomcat.websocket.server.WsFilter.doFilter(WsFilter.java:51)
		at org.apache.catalina.core.ApplicationFilterChain.internalDoFilter(ApplicationFilterChain.java:164)
		at org.apache.catalina.core.ApplicationFilterChain.doFilter(ApplicationFilterChain.java:140)
		at org.apache.catalina.core.ApplicationDispatcher.invoke(ApplicationDispatcher.java:612)
		at org.apache.catalina.core.ApplicationDispatcher.processRequest(ApplicationDispatcher.java:394)
		at org.apache.catalina.core.ApplicationDispatcher.doForward(ApplicationDispatcher.java:323)
		at org.apache.catalina.core.ApplicationDispatcher.forward(ApplicationDispatcher.java:268)
		at cr.ac.ucr.paraiso.proyecto2.progra.servlets.ActualizarVehiculoServlet.doGet(ActualizarVehiculoServlet.java:80)
		at jakarta.servlet.http.HttpServlet.service(HttpServlet.java:564)
		at jakarta.servlet.http.HttpServlet.service(HttpServlet.java:658)
		at org.apache.catalina.core.ApplicationFilterChain.internalDoFilter(ApplicationFilterChain.java:195)
		at org.apache.catalina.core.ApplicationFilterChain.doFilter(ApplicationFilterChain.java:140)
		at org.apache.tomcat.websocket.server.WsFilter.doFilter(WsFilter.java:51)
		at org.apache.catalina.core.ApplicationFilterChain.internalDoFilter(ApplicationFilterChain.java:164)
		at org.apache.catalina.core.ApplicationFilterChain.doFilter(ApplicationFilterChain.java:140)
		at org.apache.catalina.core.StandardWrapperValve.invoke(StandardWrapperValve.java:167)
		at org.apache.catalina.core.StandardContextValve.invoke(StandardContextValve.java:90)
		at org.apache.catalina.authenticator.AuthenticatorBase.invoke(AuthenticatorBase.java:483)
		at org.apache.catalina.core.StandardHostValve.invoke(StandardHostValve.java:116)
		at org.apache.catalina.valves.ErrorReportValve.invoke(ErrorReportValve.java:93)
		at org.apache.catalina.valves.AbstractAccessLogValve.invoke(AbstractAccessLogValve.java:666)
		at org.apache.catalina.core.StandardEngineValve.invoke(StandardEngineValve.java:74)
		at org.apache.catalina.connector.CoyoteAdapter.service(CoyoteAdapter.java:344)
		at org.apache.coyote.http11.Http11Processor.service(Http11Processor.java:398)
		at org.apache.coyote.AbstractProcessorLight.process(AbstractProcessorLight.java:63)
		at org.apache.coyote.AbstractProtocol$ConnectionHandler.process(AbstractProtocol.java:903)
		at org.apache.tomcat.util.net.NioEndpoint$SocketProcessor.doRun(NioEndpoint.java:1769)
		at org.apache.tomcat.util.net.SocketProcessorBase.run(SocketProcessorBase.java:52)
		at org.apache.tomcat.util.threads.ThreadPoolExecutor.runWorker(ThreadPoolExecutor.java:1189)
		at org.apache.tomcat.util.threads.ThreadPoolExecutor$Worker.run(ThreadPoolExecutor.java:658)
		at org.apache.tomcat.util.threads.TaskThread$WrappingRunnable.run(TaskThread.java:63)
		at java.base/java.lang.Thread.run(Thread.java:1570)
02-Jul-2025 13:13:27.885 INFO [main] org.apache.catalina.core.ApplicationContext.log SessionListener: contextDestroyed()
02-Jul-2025 13:13:27.886 INFO [main] org.apache.catalina.core.ApplicationContext.log ContextListener: contextDestroyed()
02-Jul-2025 13:13:44.987 INFO [main] org.apache.catalina.core.ApplicationContext.log ContextListener: contextInitialized()
02-Jul-2025 13:13:44.987 INFO [main] org.apache.catalina.core.ApplicationContext.log SessionListener: contextInitialized()
02-Jul-2025 13:13:44.992 INFO [main] org.apache.catalina.core.ApplicationContext.log ContextListener: attributeAdded('StockTicker', 'async.Stockticker@4a8bf1dc')
