30-Jun-2025 19:13:53.335 INFO [main] org.apache.catalina.core.ApplicationContext.log ContextListener: contextInitialized()
30-Jun-2025 19:13:53.339 INFO [main] org.apache.catalina.core.ApplicationContext.log SessionListener: contextInitialized()
30-Jun-2025 19:13:53.346 INFO [main] org.apache.catalina.core.ApplicationContext.log ContextListener: attributeAdded('StockTicker', 'async.Stockticker@2416a51')
30-Jun-2025 21:39:32.943 INFO [main] org.apache.catalina.core.ApplicationContext.log SessionListener: contextDestroyed()
30-Jun-2025 21:39:32.944 INFO [main] org.apache.catalina.core.ApplicationContext.log ContextListener: contextDestroyed()
30-Jun-2025 21:39:42.485 INFO [main] org.apache.catalina.core.ApplicationContext.log ContextListener: contextInitialized()
30-Jun-2025 21:39:42.485 INFO [main] org.apache.catalina.core.ApplicationContext.log SessionListener: contextInitialized()
30-Jun-2025 21:39:42.494 INFO [main] org.apache.catalina.core.ApplicationContext.log ContextListener: attributeAdded('StockTicker', 'async.Stockticker@24a1c17f')
30-Jun-2025 21:42:35.472 SEVERE [Catalina-utility-1] org.apache.catalina.core.ApplicationContext.log Servlet.init() para servlet [Faces Servlet] lanzó excepción
	java.lang.NoClassDefFoundError: com/sun/faces/util/Util
		at jakarta.faces.CurrentThreadToServletContext.getFactoryFinder(CurrentThreadToServletContext.java:51)
		at jakarta.faces.FactoryFinder.getFactory(FactoryFinder.java:259)
		at jakarta.faces.webapp.FacesServlet.acquireFacesContextFactory(FacesServlet.java:493)
		at jakarta.faces.webapp.FacesServlet.init(FacesServlet.java:342)
		at org.apache.catalina.core.StandardWrapper.initServlet(StandardWrapper.java:843)
		at org.apache.catalina.core.StandardWrapper.loadServlet(StandardWrapper.java:800)
		at org.apache.catalina.core.StandardWrapper.load(StandardWrapper.java:704)
		at org.apache.catalina.core.StandardContext.loadOnStartup(StandardContext.java:4221)
		at org.apache.catalina.core.StandardContext.startInternal(StandardContext.java:4508)
		at org.apache.catalina.util.LifecycleBase.start(LifecycleBase.java:164)
		at org.apache.catalina.startup.HostConfig.reload(HostConfig.java:1465)
		at org.apache.catalina.startup.HostConfig.checkResources(HostConfig.java:1431)
		at org.apache.catalina.startup.HostConfig.check(HostConfig.java:1657)
		at org.apache.catalina.startup.HostConfig.lifecycleEvent(HostConfig.java:299)
		at org.apache.catalina.util.LifecycleBase.fireLifecycleEvent(LifecycleBase.java:109)
		at org.apache.catalina.core.ContainerBase.backgroundProcess(ContainerBase.java:973)
		at org.apache.catalina.core.ContainerBase$ContainerBackgroundProcessor.processChildren(ContainerBase.java:1172)
		at org.apache.catalina.core.ContainerBase$ContainerBackgroundProcessor.processChildren(ContainerBase.java:1176)
		at org.apache.catalina.core.ContainerBase$ContainerBackgroundProcessor.run(ContainerBase.java:1154)
		at java.base/java.util.concurrent.Executors$RunnableAdapter.call(Executors.java:572)
		at java.base/java.util.concurrent.FutureTask.runAndReset(FutureTask.java:358)
		at java.base/java.util.concurrent.ScheduledThreadPoolExecutor$ScheduledFutureTask.run(ScheduledThreadPoolExecutor.java:305)
		at java.base/java.util.concurrent.ThreadPoolExecutor.runWorker(ThreadPoolExecutor.java:1144)
		at java.base/java.util.concurrent.ThreadPoolExecutor$Worker.run(ThreadPoolExecutor.java:642)
		at org.apache.tomcat.util.threads.TaskThread$WrappingRunnable.run(TaskThread.java:63)
		at java.base/java.lang.Thread.run(Thread.java:1570)
	Caused by: java.lang.ClassNotFoundException: com.sun.faces.util.Util
		at org.apache.catalina.loader.WebappClassLoaderBase.loadClass(WebappClassLoaderBase.java:1380)
		at org.apache.catalina.loader.WebappClassLoaderBase.loadClass(WebappClassLoaderBase.java:1189)
		... 26 more
30-Jun-2025 21:42:35.473 SEVERE [Catalina-utility-1] org.apache.catalina.core.StandardContext.loadOnStartup Servlet [Faces Servlet] in web application [/Proyecto2-Progra] threw load() exception
	java.lang.ClassNotFoundException: com.sun.faces.util.Util
		at org.apache.catalina.loader.WebappClassLoaderBase.loadClass(WebappClassLoaderBase.java:1380)
		at org.apache.catalina.loader.WebappClassLoaderBase.loadClass(WebappClassLoaderBase.java:1189)
		at jakarta.faces.CurrentThreadToServletContext.getFactoryFinder(CurrentThreadToServletContext.java:51)
		at jakarta.faces.FactoryFinder.getFactory(FactoryFinder.java:259)
		at jakarta.faces.webapp.FacesServlet.acquireFacesContextFactory(FacesServlet.java:493)
		at jakarta.faces.webapp.FacesServlet.init(FacesServlet.java:342)
		at org.apache.catalina.core.StandardWrapper.initServlet(StandardWrapper.java:843)
		at org.apache.catalina.core.StandardWrapper.loadServlet(StandardWrapper.java:800)
		at org.apache.catalina.core.StandardWrapper.load(StandardWrapper.java:704)
		at org.apache.catalina.core.StandardContext.loadOnStartup(StandardContext.java:4221)
		at org.apache.catalina.core.StandardContext.startInternal(StandardContext.java:4508)
		at org.apache.catalina.util.LifecycleBase.start(LifecycleBase.java:164)
		at org.apache.catalina.startup.HostConfig.reload(HostConfig.java:1465)
		at org.apache.catalina.startup.HostConfig.checkResources(HostConfig.java:1431)
		at org.apache.catalina.startup.HostConfig.check(HostConfig.java:1657)
		at org.apache.catalina.startup.HostConfig.lifecycleEvent(HostConfig.java:299)
		at org.apache.catalina.util.LifecycleBase.fireLifecycleEvent(LifecycleBase.java:109)
		at org.apache.catalina.core.ContainerBase.backgroundProcess(ContainerBase.java:973)
		at org.apache.catalina.core.ContainerBase$ContainerBackgroundProcessor.processChildren(ContainerBase.java:1172)
		at org.apache.catalina.core.ContainerBase$ContainerBackgroundProcessor.processChildren(ContainerBase.java:1176)
		at org.apache.catalina.core.ContainerBase$ContainerBackgroundProcessor.run(ContainerBase.java:1154)
		at java.base/java.util.concurrent.Executors$RunnableAdapter.call(Executors.java:572)
		at java.base/java.util.concurrent.FutureTask.runAndReset(FutureTask.java:358)
		at java.base/java.util.concurrent.ScheduledThreadPoolExecutor$ScheduledFutureTask.run(ScheduledThreadPoolExecutor.java:305)
		at java.base/java.util.concurrent.ThreadPoolExecutor.runWorker(ThreadPoolExecutor.java:1144)
		at java.base/java.util.concurrent.ThreadPoolExecutor$Worker.run(ThreadPoolExecutor.java:642)
		at org.apache.tomcat.util.threads.TaskThread$WrappingRunnable.run(TaskThread.java:63)
		at java.base/java.lang.Thread.run(Thread.java:1570)
30-Jun-2025 21:44:18.757 SEVERE [Catalina-utility-1] org.apache.catalina.core.ApplicationContext.log Servlet.init() para servlet [Faces Servlet] lanzó excepción
	java.lang.NoClassDefFoundError: com/sun/faces/util/Util
		at jakarta.faces.CurrentThreadToServletContext.getFactoryFinder(CurrentThreadToServletContext.java:51)
		at jakarta.faces.FactoryFinder.getFactory(FactoryFinder.java:259)
		at jakarta.faces.webapp.FacesServlet.acquireFacesContextFactory(FacesServlet.java:493)
		at jakarta.faces.webapp.FacesServlet.init(FacesServlet.java:342)
		at org.apache.catalina.core.StandardWrapper.initServlet(StandardWrapper.java:843)
		at org.apache.catalina.core.StandardWrapper.loadServlet(StandardWrapper.java:800)
		at org.apache.catalina.core.StandardWrapper.load(StandardWrapper.java:704)
		at org.apache.catalina.core.StandardContext.loadOnStartup(StandardContext.java:4221)
		at org.apache.catalina.core.StandardContext.startInternal(StandardContext.java:4508)
		at org.apache.catalina.util.LifecycleBase.start(LifecycleBase.java:164)
		at org.apache.catalina.core.StandardContext.reload(StandardContext.java:3258)
		at org.apache.catalina.startup.HostConfig.reload(HostConfig.java:1456)
		at org.apache.catalina.startup.HostConfig.checkResources(HostConfig.java:1431)
		at org.apache.catalina.startup.HostConfig.check(HostConfig.java:1657)
		at org.apache.catalina.startup.HostConfig.lifecycleEvent(HostConfig.java:299)
		at org.apache.catalina.util.LifecycleBase.fireLifecycleEvent(LifecycleBase.java:109)
		at org.apache.catalina.core.ContainerBase.backgroundProcess(ContainerBase.java:973)
		at org.apache.catalina.core.ContainerBase$ContainerBackgroundProcessor.processChildren(ContainerBase.java:1172)
		at org.apache.catalina.core.ContainerBase$ContainerBackgroundProcessor.processChildren(ContainerBase.java:1176)
		at org.apache.catalina.core.ContainerBase$ContainerBackgroundProcessor.run(ContainerBase.java:1154)
		at java.base/java.util.concurrent.Executors$RunnableAdapter.call(Executors.java:572)
		at java.base/java.util.concurrent.FutureTask.runAndReset(FutureTask.java:358)
		at java.base/java.util.concurrent.ScheduledThreadPoolExecutor$ScheduledFutureTask.run(ScheduledThreadPoolExecutor.java:305)
		at java.base/java.util.concurrent.ThreadPoolExecutor.runWorker(ThreadPoolExecutor.java:1144)
		at java.base/java.util.concurrent.ThreadPoolExecutor$Worker.run(ThreadPoolExecutor.java:642)
		at org.apache.tomcat.util.threads.TaskThread$WrappingRunnable.run(TaskThread.java:63)
		at java.base/java.lang.Thread.run(Thread.java:1570)
	Caused by: java.lang.ClassNotFoundException: com.sun.faces.util.Util
		at org.apache.catalina.loader.WebappClassLoaderBase.loadClass(WebappClassLoaderBase.java:1380)
		at org.apache.catalina.loader.WebappClassLoaderBase.loadClass(WebappClassLoaderBase.java:1189)
		... 27 more
30-Jun-2025 21:44:18.759 SEVERE [Catalina-utility-1] org.apache.catalina.core.StandardContext.loadOnStartup Servlet [Faces Servlet] in web application [/Proyecto2-Progra] threw load() exception
	java.lang.ClassNotFoundException: com.sun.faces.util.Util
		at org.apache.catalina.loader.WebappClassLoaderBase.loadClass(WebappClassLoaderBase.java:1380)
		at org.apache.catalina.loader.WebappClassLoaderBase.loadClass(WebappClassLoaderBase.java:1189)
		at jakarta.faces.CurrentThreadToServletContext.getFactoryFinder(CurrentThreadToServletContext.java:51)
		at jakarta.faces.FactoryFinder.getFactory(FactoryFinder.java:259)
		at jakarta.faces.webapp.FacesServlet.acquireFacesContextFactory(FacesServlet.java:493)
		at jakarta.faces.webapp.FacesServlet.init(FacesServlet.java:342)
		at org.apache.catalina.core.StandardWrapper.initServlet(StandardWrapper.java:843)
		at org.apache.catalina.core.StandardWrapper.loadServlet(StandardWrapper.java:800)
		at org.apache.catalina.core.StandardWrapper.load(StandardWrapper.java:704)
		at org.apache.catalina.core.StandardContext.loadOnStartup(StandardContext.java:4221)
		at org.apache.catalina.core.StandardContext.startInternal(StandardContext.java:4508)
		at org.apache.catalina.util.LifecycleBase.start(LifecycleBase.java:164)
		at org.apache.catalina.core.StandardContext.reload(StandardContext.java:3258)
		at org.apache.catalina.startup.HostConfig.reload(HostConfig.java:1456)
		at org.apache.catalina.startup.HostConfig.checkResources(HostConfig.java:1431)
		at org.apache.catalina.startup.HostConfig.check(HostConfig.java:1657)
		at org.apache.catalina.startup.HostConfig.lifecycleEvent(HostConfig.java:299)
		at org.apache.catalina.util.LifecycleBase.fireLifecycleEvent(LifecycleBase.java:109)
		at org.apache.catalina.core.ContainerBase.backgroundProcess(ContainerBase.java:973)
		at org.apache.catalina.core.ContainerBase$ContainerBackgroundProcessor.processChildren(ContainerBase.java:1172)
		at org.apache.catalina.core.ContainerBase$ContainerBackgroundProcessor.processChildren(ContainerBase.java:1176)
		at org.apache.catalina.core.ContainerBase$ContainerBackgroundProcessor.run(ContainerBase.java:1154)
		at java.base/java.util.concurrent.Executors$RunnableAdapter.call(Executors.java:572)
		at java.base/java.util.concurrent.FutureTask.runAndReset(FutureTask.java:358)
		at java.base/java.util.concurrent.ScheduledThreadPoolExecutor$ScheduledFutureTask.run(ScheduledThreadPoolExecutor.java:305)
		at java.base/java.util.concurrent.ThreadPoolExecutor.runWorker(ThreadPoolExecutor.java:1144)
		at java.base/java.util.concurrent.ThreadPoolExecutor$Worker.run(ThreadPoolExecutor.java:642)
		at org.apache.tomcat.util.threads.TaskThread$WrappingRunnable.run(TaskThread.java:63)
		at java.base/java.lang.Thread.run(Thread.java:1570)
30-Jun-2025 21:44:20.330 INFO [main] org.apache.catalina.core.ApplicationContext.log SessionListener: contextDestroyed()
30-Jun-2025 21:44:20.330 INFO [main] org.apache.catalina.core.ApplicationContext.log ContextListener: contextDestroyed()
30-Jun-2025 21:44:29.583 SEVERE [main] org.apache.catalina.core.ApplicationContext.log Servlet.init() para servlet [Faces Servlet] lanzó excepción
	java.lang.NoClassDefFoundError: com/sun/faces/util/Util
		at jakarta.faces.CurrentThreadToServletContext.getFactoryFinder(CurrentThreadToServletContext.java:51)
		at jakarta.faces.FactoryFinder.getFactory(FactoryFinder.java:259)
		at jakarta.faces.webapp.FacesServlet.acquireFacesContextFactory(FacesServlet.java:493)
		at jakarta.faces.webapp.FacesServlet.init(FacesServlet.java:342)
		at org.apache.catalina.core.StandardWrapper.initServlet(StandardWrapper.java:843)
		at org.apache.catalina.core.StandardWrapper.loadServlet(StandardWrapper.java:800)
		at org.apache.catalina.core.StandardWrapper.load(StandardWrapper.java:704)
		at org.apache.catalina.core.StandardContext.loadOnStartup(StandardContext.java:4221)
		at org.apache.catalina.core.StandardContext.startInternal(StandardContext.java:4508)
		at org.apache.catalina.util.LifecycleBase.start(LifecycleBase.java:164)
		at org.apache.catalina.core.ContainerBase.addChildInternal(ContainerBase.java:599)
		at org.apache.catalina.core.ContainerBase.addChild(ContainerBase.java:571)
		at org.apache.catalina.core.StandardHost.addChild(StandardHost.java:654)
		at org.apache.catalina.startup.HostConfig.deployDescriptor(HostConfig.java:632)
		at org.apache.catalina.startup.HostConfig$DeployDescriptor.run(HostConfig.java:1881)
		at java.base/java.util.concurrent.Executors$RunnableAdapter.call(Executors.java:572)
		at java.base/java.util.concurrent.FutureTask.run(FutureTask.java:317)
		at org.apache.tomcat.util.threads.InlineExecutorService.execute(InlineExecutorService.java:75)
		at java.base/java.util.concurrent.AbstractExecutorService.submit(AbstractExecutorService.java:123)
		at org.apache.catalina.startup.HostConfig.deployDescriptors(HostConfig.java:527)
		at org.apache.catalina.startup.HostConfig.deployApps(HostConfig.java:418)
		at org.apache.catalina.startup.HostConfig.start(HostConfig.java:1621)
		at org.apache.catalina.startup.HostConfig.lifecycleEvent(HostConfig.java:303)
		at org.apache.catalina.util.LifecycleBase.fireLifecycleEvent(LifecycleBase.java:109)
		at org.apache.catalina.util.LifecycleBase.setStateInternal(LifecycleBase.java:389)
		at org.apache.catalina.util.LifecycleBase.setState(LifecycleBase.java:336)
		at org.apache.catalina.core.ContainerBase.startInternal(ContainerBase.java:776)
		at org.apache.catalina.core.StandardHost.startInternal(StandardHost.java:772)
		at org.apache.catalina.util.LifecycleBase.start(LifecycleBase.java:164)
		at org.apache.catalina.core.ContainerBase$StartChild.call(ContainerBase.java:1203)
		at org.apache.catalina.core.ContainerBase$StartChild.call(ContainerBase.java:1193)
		at java.base/java.util.concurrent.FutureTask.run(FutureTask.java:317)
		at org.apache.tomcat.util.threads.InlineExecutorService.execute(InlineExecutorService.java:75)
		at java.base/java.util.concurrent.AbstractExecutorService.submit(AbstractExecutorService.java:145)
		at org.apache.catalina.core.ContainerBase.startInternal(ContainerBase.java:749)
		at org.apache.catalina.core.StandardEngine.startInternal(StandardEngine.java:203)
		at org.apache.catalina.util.LifecycleBase.start(LifecycleBase.java:164)
		at org.apache.catalina.core.StandardService.startInternal(StandardService.java:412)
		at org.apache.catalina.util.LifecycleBase.start(LifecycleBase.java:164)
		at org.apache.catalina.core.StandardServer.startInternal(StandardServer.java:870)
		at org.apache.catalina.util.LifecycleBase.start(LifecycleBase.java:164)
		at org.apache.catalina.startup.Catalina.start(Catalina.java:761)
		at java.base/jdk.internal.reflect.DirectMethodHandleAccessor.invoke(DirectMethodHandleAccessor.java:103)
		at java.base/java.lang.reflect.Method.invoke(Method.java:580)
		at org.apache.catalina.startup.Bootstrap.start(Bootstrap.java:345)
		at org.apache.catalina.startup.Bootstrap.main(Bootstrap.java:476)
	Caused by: java.lang.ClassNotFoundException: com.sun.faces.util.Util
		at org.apache.catalina.loader.WebappClassLoaderBase.loadClass(WebappClassLoaderBase.java:1380)
		at org.apache.catalina.loader.WebappClassLoaderBase.loadClass(WebappClassLoaderBase.java:1189)
		... 46 more
30-Jun-2025 21:44:29.585 SEVERE [main] org.apache.catalina.core.StandardContext.loadOnStartup Servlet [Faces Servlet] in web application [/Proyecto2-Progra] threw load() exception
	java.lang.ClassNotFoundException: com.sun.faces.util.Util
		at org.apache.catalina.loader.WebappClassLoaderBase.loadClass(WebappClassLoaderBase.java:1380)
		at org.apache.catalina.loader.WebappClassLoaderBase.loadClass(WebappClassLoaderBase.java:1189)
		at jakarta.faces.CurrentThreadToServletContext.getFactoryFinder(CurrentThreadToServletContext.java:51)
		at jakarta.faces.FactoryFinder.getFactory(FactoryFinder.java:259)
		at jakarta.faces.webapp.FacesServlet.acquireFacesContextFactory(FacesServlet.java:493)
		at jakarta.faces.webapp.FacesServlet.init(FacesServlet.java:342)
		at org.apache.catalina.core.StandardWrapper.initServlet(StandardWrapper.java:843)
		at org.apache.catalina.core.StandardWrapper.loadServlet(StandardWrapper.java:800)
		at org.apache.catalina.core.StandardWrapper.load(StandardWrapper.java:704)
		at org.apache.catalina.core.StandardContext.loadOnStartup(StandardContext.java:4221)
		at org.apache.catalina.core.StandardContext.startInternal(StandardContext.java:4508)
		at org.apache.catalina.util.LifecycleBase.start(LifecycleBase.java:164)
		at org.apache.catalina.core.ContainerBase.addChildInternal(ContainerBase.java:599)
		at org.apache.catalina.core.ContainerBase.addChild(ContainerBase.java:571)
		at org.apache.catalina.core.StandardHost.addChild(StandardHost.java:654)
		at org.apache.catalina.startup.HostConfig.deployDescriptor(HostConfig.java:632)
		at org.apache.catalina.startup.HostConfig$DeployDescriptor.run(HostConfig.java:1881)
		at java.base/java.util.concurrent.Executors$RunnableAdapter.call(Executors.java:572)
		at java.base/java.util.concurrent.FutureTask.run(FutureTask.java:317)
		at org.apache.tomcat.util.threads.InlineExecutorService.execute(InlineExecutorService.java:75)
		at java.base/java.util.concurrent.AbstractExecutorService.submit(AbstractExecutorService.java:123)
		at org.apache.catalina.startup.HostConfig.deployDescriptors(HostConfig.java:527)
		at org.apache.catalina.startup.HostConfig.deployApps(HostConfig.java:418)
		at org.apache.catalina.startup.HostConfig.start(HostConfig.java:1621)
		at org.apache.catalina.startup.HostConfig.lifecycleEvent(HostConfig.java:303)
		at org.apache.catalina.util.LifecycleBase.fireLifecycleEvent(LifecycleBase.java:109)
		at org.apache.catalina.util.LifecycleBase.setStateInternal(LifecycleBase.java:389)
		at org.apache.catalina.util.LifecycleBase.setState(LifecycleBase.java:336)
		at org.apache.catalina.core.ContainerBase.startInternal(ContainerBase.java:776)
		at org.apache.catalina.core.StandardHost.startInternal(StandardHost.java:772)
		at org.apache.catalina.util.LifecycleBase.start(LifecycleBase.java:164)
		at org.apache.catalina.core.ContainerBase$StartChild.call(ContainerBase.java:1203)
		at org.apache.catalina.core.ContainerBase$StartChild.call(ContainerBase.java:1193)
		at java.base/java.util.concurrent.FutureTask.run(FutureTask.java:317)
		at org.apache.tomcat.util.threads.InlineExecutorService.execute(InlineExecutorService.java:75)
		at java.base/java.util.concurrent.AbstractExecutorService.submit(AbstractExecutorService.java:145)
		at org.apache.catalina.core.ContainerBase.startInternal(ContainerBase.java:749)
		at org.apache.catalina.core.StandardEngine.startInternal(StandardEngine.java:203)
		at org.apache.catalina.util.LifecycleBase.start(LifecycleBase.java:164)
		at org.apache.catalina.core.StandardService.startInternal(StandardService.java:412)
		at org.apache.catalina.util.LifecycleBase.start(LifecycleBase.java:164)
		at org.apache.catalina.core.StandardServer.startInternal(StandardServer.java:870)
		at org.apache.catalina.util.LifecycleBase.start(LifecycleBase.java:164)
		at org.apache.catalina.startup.Catalina.start(Catalina.java:761)
		at java.base/jdk.internal.reflect.DirectMethodHandleAccessor.invoke(DirectMethodHandleAccessor.java:103)
		at java.base/java.lang.reflect.Method.invoke(Method.java:580)
		at org.apache.catalina.startup.Bootstrap.start(Bootstrap.java:345)
		at org.apache.catalina.startup.Bootstrap.main(Bootstrap.java:476)
30-Jun-2025 21:44:30.772 INFO [main] org.apache.catalina.core.ApplicationContext.log ContextListener: contextInitialized()
30-Jun-2025 21:44:30.773 INFO [main] org.apache.catalina.core.ApplicationContext.log SessionListener: contextInitialized()
30-Jun-2025 21:44:30.777 INFO [main] org.apache.catalina.core.ApplicationContext.log ContextListener: attributeAdded('StockTicker', 'async.Stockticker@5c997de8')
30-Jun-2025 21:45:34.451 INFO [main] org.apache.catalina.core.ApplicationContext.log SessionListener: contextDestroyed()
30-Jun-2025 21:45:34.452 INFO [main] org.apache.catalina.core.ApplicationContext.log ContextListener: contextDestroyed()
30-Jun-2025 21:45:45.385 INFO [main] org.apache.catalina.core.ApplicationContext.log ContextListener: contextInitialized()
30-Jun-2025 21:45:45.385 INFO [main] org.apache.catalina.core.ApplicationContext.log SessionListener: contextInitialized()
30-Jun-2025 21:45:45.390 INFO [main] org.apache.catalina.core.ApplicationContext.log ContextListener: attributeAdded('StockTicker', 'async.Stockticker@42b43a6')
30-Jun-2025 21:46:53.543 INFO [main] org.apache.catalina.core.ApplicationContext.log SessionListener: contextDestroyed()
30-Jun-2025 21:46:53.543 INFO [main] org.apache.catalina.core.ApplicationContext.log ContextListener: contextDestroyed()
30-Jun-2025 21:47:02.173 SEVERE [main] org.apache.catalina.core.ApplicationContext.log Servlet.init() para servlet [Faces Servlet] lanzó excepción
	java.lang.NoClassDefFoundError: com/sun/faces/util/Util
		at jakarta.faces.CurrentThreadToServletContext.getFactoryFinder(CurrentThreadToServletContext.java:51)
		at jakarta.faces.FactoryFinder.getFactory(FactoryFinder.java:259)
		at jakarta.faces.webapp.FacesServlet.acquireFacesContextFactory(FacesServlet.java:493)
		at jakarta.faces.webapp.FacesServlet.init(FacesServlet.java:342)
		at org.apache.catalina.core.StandardWrapper.initServlet(StandardWrapper.java:843)
		at org.apache.catalina.core.StandardWrapper.loadServlet(StandardWrapper.java:800)
		at org.apache.catalina.core.StandardWrapper.load(StandardWrapper.java:704)
		at org.apache.catalina.core.StandardContext.loadOnStartup(StandardContext.java:4221)
		at org.apache.catalina.core.StandardContext.startInternal(StandardContext.java:4508)
		at org.apache.catalina.util.LifecycleBase.start(LifecycleBase.java:164)
		at org.apache.catalina.core.ContainerBase.addChildInternal(ContainerBase.java:599)
		at org.apache.catalina.core.ContainerBase.addChild(ContainerBase.java:571)
		at org.apache.catalina.core.StandardHost.addChild(StandardHost.java:654)
		at org.apache.catalina.startup.HostConfig.deployDescriptor(HostConfig.java:632)
		at org.apache.catalina.startup.HostConfig$DeployDescriptor.run(HostConfig.java:1881)
		at java.base/java.util.concurrent.Executors$RunnableAdapter.call(Executors.java:572)
		at java.base/java.util.concurrent.FutureTask.run(FutureTask.java:317)
		at org.apache.tomcat.util.threads.InlineExecutorService.execute(InlineExecutorService.java:75)
		at java.base/java.util.concurrent.AbstractExecutorService.submit(AbstractExecutorService.java:123)
		at org.apache.catalina.startup.HostConfig.deployDescriptors(HostConfig.java:527)
		at org.apache.catalina.startup.HostConfig.deployApps(HostConfig.java:418)
		at org.apache.catalina.startup.HostConfig.start(HostConfig.java:1621)
		at org.apache.catalina.startup.HostConfig.lifecycleEvent(HostConfig.java:303)
		at org.apache.catalina.util.LifecycleBase.fireLifecycleEvent(LifecycleBase.java:109)
		at org.apache.catalina.util.LifecycleBase.setStateInternal(LifecycleBase.java:389)
		at org.apache.catalina.util.LifecycleBase.setState(LifecycleBase.java:336)
		at org.apache.catalina.core.ContainerBase.startInternal(ContainerBase.java:776)
		at org.apache.catalina.core.StandardHost.startInternal(StandardHost.java:772)
		at org.apache.catalina.util.LifecycleBase.start(LifecycleBase.java:164)
		at org.apache.catalina.core.ContainerBase$StartChild.call(ContainerBase.java:1203)
		at org.apache.catalina.core.ContainerBase$StartChild.call(ContainerBase.java:1193)
		at java.base/java.util.concurrent.FutureTask.run(FutureTask.java:317)
		at org.apache.tomcat.util.threads.InlineExecutorService.execute(InlineExecutorService.java:75)
		at java.base/java.util.concurrent.AbstractExecutorService.submit(AbstractExecutorService.java:145)
		at org.apache.catalina.core.ContainerBase.startInternal(ContainerBase.java:749)
		at org.apache.catalina.core.StandardEngine.startInternal(StandardEngine.java:203)
		at org.apache.catalina.util.LifecycleBase.start(LifecycleBase.java:164)
		at org.apache.catalina.core.StandardService.startInternal(StandardService.java:412)
		at org.apache.catalina.util.LifecycleBase.start(LifecycleBase.java:164)
		at org.apache.catalina.core.StandardServer.startInternal(StandardServer.java:870)
		at org.apache.catalina.util.LifecycleBase.start(LifecycleBase.java:164)
		at org.apache.catalina.startup.Catalina.start(Catalina.java:761)
		at java.base/jdk.internal.reflect.DirectMethodHandleAccessor.invoke(DirectMethodHandleAccessor.java:103)
		at java.base/java.lang.reflect.Method.invoke(Method.java:580)
		at org.apache.catalina.startup.Bootstrap.start(Bootstrap.java:345)
		at org.apache.catalina.startup.Bootstrap.main(Bootstrap.java:476)
	Caused by: java.lang.ClassNotFoundException: com.sun.faces.util.Util
		at org.apache.catalina.loader.WebappClassLoaderBase.loadClass(WebappClassLoaderBase.java:1380)
		at org.apache.catalina.loader.WebappClassLoaderBase.loadClass(WebappClassLoaderBase.java:1189)
		... 46 more
30-Jun-2025 21:47:02.174 SEVERE [main] org.apache.catalina.core.StandardContext.loadOnStartup Servlet [Faces Servlet] in web application [/Proyecto2-Progra] threw load() exception
	java.lang.ClassNotFoundException: com.sun.faces.util.Util
		at org.apache.catalina.loader.WebappClassLoaderBase.loadClass(WebappClassLoaderBase.java:1380)
		at org.apache.catalina.loader.WebappClassLoaderBase.loadClass(WebappClassLoaderBase.java:1189)
		at jakarta.faces.CurrentThreadToServletContext.getFactoryFinder(CurrentThreadToServletContext.java:51)
		at jakarta.faces.FactoryFinder.getFactory(FactoryFinder.java:259)
		at jakarta.faces.webapp.FacesServlet.acquireFacesContextFactory(FacesServlet.java:493)
		at jakarta.faces.webapp.FacesServlet.init(FacesServlet.java:342)
		at org.apache.catalina.core.StandardWrapper.initServlet(StandardWrapper.java:843)
		at org.apache.catalina.core.StandardWrapper.loadServlet(StandardWrapper.java:800)
		at org.apache.catalina.core.StandardWrapper.load(StandardWrapper.java:704)
		at org.apache.catalina.core.StandardContext.loadOnStartup(StandardContext.java:4221)
		at org.apache.catalina.core.StandardContext.startInternal(StandardContext.java:4508)
		at org.apache.catalina.util.LifecycleBase.start(LifecycleBase.java:164)
		at org.apache.catalina.core.ContainerBase.addChildInternal(ContainerBase.java:599)
		at org.apache.catalina.core.ContainerBase.addChild(ContainerBase.java:571)
		at org.apache.catalina.core.StandardHost.addChild(StandardHost.java:654)
		at org.apache.catalina.startup.HostConfig.deployDescriptor(HostConfig.java:632)
		at org.apache.catalina.startup.HostConfig$DeployDescriptor.run(HostConfig.java:1881)
		at java.base/java.util.concurrent.Executors$RunnableAdapter.call(Executors.java:572)
		at java.base/java.util.concurrent.FutureTask.run(FutureTask.java:317)
		at org.apache.tomcat.util.threads.InlineExecutorService.execute(InlineExecutorService.java:75)
		at java.base/java.util.concurrent.AbstractExecutorService.submit(AbstractExecutorService.java:123)
		at org.apache.catalina.startup.HostConfig.deployDescriptors(HostConfig.java:527)
		at org.apache.catalina.startup.HostConfig.deployApps(HostConfig.java:418)
		at org.apache.catalina.startup.HostConfig.start(HostConfig.java:1621)
		at org.apache.catalina.startup.HostConfig.lifecycleEvent(HostConfig.java:303)
		at org.apache.catalina.util.LifecycleBase.fireLifecycleEvent(LifecycleBase.java:109)
		at org.apache.catalina.util.LifecycleBase.setStateInternal(LifecycleBase.java:389)
		at org.apache.catalina.util.LifecycleBase.setState(LifecycleBase.java:336)
		at org.apache.catalina.core.ContainerBase.startInternal(ContainerBase.java:776)
		at org.apache.catalina.core.StandardHost.startInternal(StandardHost.java:772)
		at org.apache.catalina.util.LifecycleBase.start(LifecycleBase.java:164)
		at org.apache.catalina.core.ContainerBase$StartChild.call(ContainerBase.java:1203)
		at org.apache.catalina.core.ContainerBase$StartChild.call(ContainerBase.java:1193)
		at java.base/java.util.concurrent.FutureTask.run(FutureTask.java:317)
		at org.apache.tomcat.util.threads.InlineExecutorService.execute(InlineExecutorService.java:75)
		at java.base/java.util.concurrent.AbstractExecutorService.submit(AbstractExecutorService.java:145)
		at org.apache.catalina.core.ContainerBase.startInternal(ContainerBase.java:749)
		at org.apache.catalina.core.StandardEngine.startInternal(StandardEngine.java:203)
		at org.apache.catalina.util.LifecycleBase.start(LifecycleBase.java:164)
		at org.apache.catalina.core.StandardService.startInternal(StandardService.java:412)
		at org.apache.catalina.util.LifecycleBase.start(LifecycleBase.java:164)
		at org.apache.catalina.core.StandardServer.startInternal(StandardServer.java:870)
		at org.apache.catalina.util.LifecycleBase.start(LifecycleBase.java:164)
		at org.apache.catalina.startup.Catalina.start(Catalina.java:761)
		at java.base/jdk.internal.reflect.DirectMethodHandleAccessor.invoke(DirectMethodHandleAccessor.java:103)
		at java.base/java.lang.reflect.Method.invoke(Method.java:580)
		at org.apache.catalina.startup.Bootstrap.start(Bootstrap.java:345)
		at org.apache.catalina.startup.Bootstrap.main(Bootstrap.java:476)
30-Jun-2025 21:47:03.525 INFO [main] org.apache.catalina.core.ApplicationContext.log ContextListener: contextInitialized()
30-Jun-2025 21:47:03.526 INFO [main] org.apache.catalina.core.ApplicationContext.log SessionListener: contextInitialized()
30-Jun-2025 21:47:03.531 INFO [main] org.apache.catalina.core.ApplicationContext.log ContextListener: attributeAdded('StockTicker', 'async.Stockticker@31f5b923')
30-Jun-2025 21:48:15.571 INFO [main] org.apache.catalina.core.ApplicationContext.log SessionListener: contextDestroyed()
30-Jun-2025 21:48:15.571 INFO [main] org.apache.catalina.core.ApplicationContext.log ContextListener: contextDestroyed()
30-Jun-2025 21:48:26.471 SEVERE [main] org.apache.catalina.core.ApplicationContext.log Servlet.init() para servlet [Faces Servlet] lanzó excepción
	java.lang.NoClassDefFoundError: com/sun/faces/util/Util
		at jakarta.faces.CurrentThreadToServletContext.getFactoryFinder(CurrentThreadToServletContext.java:51)
		at jakarta.faces.FactoryFinder.getFactory(FactoryFinder.java:259)
		at jakarta.faces.webapp.FacesServlet.acquireFacesContextFactory(FacesServlet.java:493)
		at jakarta.faces.webapp.FacesServlet.init(FacesServlet.java:342)
		at org.apache.catalina.core.StandardWrapper.initServlet(StandardWrapper.java:843)
		at org.apache.catalina.core.StandardWrapper.loadServlet(StandardWrapper.java:800)
		at org.apache.catalina.core.StandardWrapper.load(StandardWrapper.java:704)
		at org.apache.catalina.core.StandardContext.loadOnStartup(StandardContext.java:4221)
		at org.apache.catalina.core.StandardContext.startInternal(StandardContext.java:4508)
		at org.apache.catalina.util.LifecycleBase.start(LifecycleBase.java:164)
		at org.apache.catalina.core.ContainerBase.addChildInternal(ContainerBase.java:599)
		at org.apache.catalina.core.ContainerBase.addChild(ContainerBase.java:571)
		at org.apache.catalina.core.StandardHost.addChild(StandardHost.java:654)
		at org.apache.catalina.startup.HostConfig.deployDescriptor(HostConfig.java:632)
		at org.apache.catalina.startup.HostConfig$DeployDescriptor.run(HostConfig.java:1881)
		at java.base/java.util.concurrent.Executors$RunnableAdapter.call(Executors.java:572)
		at java.base/java.util.concurrent.FutureTask.run(FutureTask.java:317)
		at org.apache.tomcat.util.threads.InlineExecutorService.execute(InlineExecutorService.java:75)
		at java.base/java.util.concurrent.AbstractExecutorService.submit(AbstractExecutorService.java:123)
		at org.apache.catalina.startup.HostConfig.deployDescriptors(HostConfig.java:527)
		at org.apache.catalina.startup.HostConfig.deployApps(HostConfig.java:418)
		at org.apache.catalina.startup.HostConfig.start(HostConfig.java:1621)
		at org.apache.catalina.startup.HostConfig.lifecycleEvent(HostConfig.java:303)
		at org.apache.catalina.util.LifecycleBase.fireLifecycleEvent(LifecycleBase.java:109)
		at org.apache.catalina.util.LifecycleBase.setStateInternal(LifecycleBase.java:389)
		at org.apache.catalina.util.LifecycleBase.setState(LifecycleBase.java:336)
		at org.apache.catalina.core.ContainerBase.startInternal(ContainerBase.java:776)
		at org.apache.catalina.core.StandardHost.startInternal(StandardHost.java:772)
		at org.apache.catalina.util.LifecycleBase.start(LifecycleBase.java:164)
		at org.apache.catalina.core.ContainerBase$StartChild.call(ContainerBase.java:1203)
		at org.apache.catalina.core.ContainerBase$StartChild.call(ContainerBase.java:1193)
		at java.base/java.util.concurrent.FutureTask.run(FutureTask.java:317)
		at org.apache.tomcat.util.threads.InlineExecutorService.execute(InlineExecutorService.java:75)
		at java.base/java.util.concurrent.AbstractExecutorService.submit(AbstractExecutorService.java:145)
		at org.apache.catalina.core.ContainerBase.startInternal(ContainerBase.java:749)
		at org.apache.catalina.core.StandardEngine.startInternal(StandardEngine.java:203)
		at org.apache.catalina.util.LifecycleBase.start(LifecycleBase.java:164)
		at org.apache.catalina.core.StandardService.startInternal(StandardService.java:412)
		at org.apache.catalina.util.LifecycleBase.start(LifecycleBase.java:164)
		at org.apache.catalina.core.StandardServer.startInternal(StandardServer.java:870)
		at org.apache.catalina.util.LifecycleBase.start(LifecycleBase.java:164)
		at org.apache.catalina.startup.Catalina.start(Catalina.java:761)
		at java.base/jdk.internal.reflect.DirectMethodHandleAccessor.invoke(DirectMethodHandleAccessor.java:103)
		at java.base/java.lang.reflect.Method.invoke(Method.java:580)
		at org.apache.catalina.startup.Bootstrap.start(Bootstrap.java:345)
		at org.apache.catalina.startup.Bootstrap.main(Bootstrap.java:476)
	Caused by: java.lang.ClassNotFoundException: com.sun.faces.util.Util
		at org.apache.catalina.loader.WebappClassLoaderBase.loadClass(WebappClassLoaderBase.java:1380)
		at org.apache.catalina.loader.WebappClassLoaderBase.loadClass(WebappClassLoaderBase.java:1189)
		... 46 more
30-Jun-2025 21:48:26.475 SEVERE [main] org.apache.catalina.core.StandardContext.loadOnStartup Servlet [Faces Servlet] in web application [/Proyecto2-Progra] threw load() exception
	java.lang.ClassNotFoundException: com.sun.faces.util.Util
		at org.apache.catalina.loader.WebappClassLoaderBase.loadClass(WebappClassLoaderBase.java:1380)
		at org.apache.catalina.loader.WebappClassLoaderBase.loadClass(WebappClassLoaderBase.java:1189)
		at jakarta.faces.CurrentThreadToServletContext.getFactoryFinder(CurrentThreadToServletContext.java:51)
		at jakarta.faces.FactoryFinder.getFactory(FactoryFinder.java:259)
		at jakarta.faces.webapp.FacesServlet.acquireFacesContextFactory(FacesServlet.java:493)
		at jakarta.faces.webapp.FacesServlet.init(FacesServlet.java:342)
		at org.apache.catalina.core.StandardWrapper.initServlet(StandardWrapper.java:843)
		at org.apache.catalina.core.StandardWrapper.loadServlet(StandardWrapper.java:800)
		at org.apache.catalina.core.StandardWrapper.load(StandardWrapper.java:704)
		at org.apache.catalina.core.StandardContext.loadOnStartup(StandardContext.java:4221)
		at org.apache.catalina.core.StandardContext.startInternal(StandardContext.java:4508)
		at org.apache.catalina.util.LifecycleBase.start(LifecycleBase.java:164)
		at org.apache.catalina.core.ContainerBase.addChildInternal(ContainerBase.java:599)
		at org.apache.catalina.core.ContainerBase.addChild(ContainerBase.java:571)
		at org.apache.catalina.core.StandardHost.addChild(StandardHost.java:654)
		at org.apache.catalina.startup.HostConfig.deployDescriptor(HostConfig.java:632)
		at org.apache.catalina.startup.HostConfig$DeployDescriptor.run(HostConfig.java:1881)
		at java.base/java.util.concurrent.Executors$RunnableAdapter.call(Executors.java:572)
		at java.base/java.util.concurrent.FutureTask.run(FutureTask.java:317)
		at org.apache.tomcat.util.threads.InlineExecutorService.execute(InlineExecutorService.java:75)
		at java.base/java.util.concurrent.AbstractExecutorService.submit(AbstractExecutorService.java:123)
		at org.apache.catalina.startup.HostConfig.deployDescriptors(HostConfig.java:527)
		at org.apache.catalina.startup.HostConfig.deployApps(HostConfig.java:418)
		at org.apache.catalina.startup.HostConfig.start(HostConfig.java:1621)
		at org.apache.catalina.startup.HostConfig.lifecycleEvent(HostConfig.java:303)
		at org.apache.catalina.util.LifecycleBase.fireLifecycleEvent(LifecycleBase.java:109)
		at org.apache.catalina.util.LifecycleBase.setStateInternal(LifecycleBase.java:389)
		at org.apache.catalina.util.LifecycleBase.setState(LifecycleBase.java:336)
		at org.apache.catalina.core.ContainerBase.startInternal(ContainerBase.java:776)
		at org.apache.catalina.core.StandardHost.startInternal(StandardHost.java:772)
		at org.apache.catalina.util.LifecycleBase.start(LifecycleBase.java:164)
		at org.apache.catalina.core.ContainerBase$StartChild.call(ContainerBase.java:1203)
		at org.apache.catalina.core.ContainerBase$StartChild.call(ContainerBase.java:1193)
		at java.base/java.util.concurrent.FutureTask.run(FutureTask.java:317)
		at org.apache.tomcat.util.threads.InlineExecutorService.execute(InlineExecutorService.java:75)
		at java.base/java.util.concurrent.AbstractExecutorService.submit(AbstractExecutorService.java:145)
		at org.apache.catalina.core.ContainerBase.startInternal(ContainerBase.java:749)
		at org.apache.catalina.core.StandardEngine.startInternal(StandardEngine.java:203)
		at org.apache.catalina.util.LifecycleBase.start(LifecycleBase.java:164)
		at org.apache.catalina.core.StandardService.startInternal(StandardService.java:412)
		at org.apache.catalina.util.LifecycleBase.start(LifecycleBase.java:164)
		at org.apache.catalina.core.StandardServer.startInternal(StandardServer.java:870)
		at org.apache.catalina.util.LifecycleBase.start(LifecycleBase.java:164)
		at org.apache.catalina.startup.Catalina.start(Catalina.java:761)
		at java.base/jdk.internal.reflect.DirectMethodHandleAccessor.invoke(DirectMethodHandleAccessor.java:103)
		at java.base/java.lang.reflect.Method.invoke(Method.java:580)
		at org.apache.catalina.startup.Bootstrap.start(Bootstrap.java:345)
		at org.apache.catalina.startup.Bootstrap.main(Bootstrap.java:476)
30-Jun-2025 21:48:27.868 INFO [main] org.apache.catalina.core.ApplicationContext.log ContextListener: contextInitialized()
30-Jun-2025 21:48:27.868 INFO [main] org.apache.catalina.core.ApplicationContext.log SessionListener: contextInitialized()
30-Jun-2025 21:48:27.872 INFO [main] org.apache.catalina.core.ApplicationContext.log ContextListener: attributeAdded('StockTicker', 'async.Stockticker@11adab6d')
30-Jun-2025 21:51:06.944 SEVERE [Catalina-utility-1] org.apache.catalina.core.ApplicationContext.log Servlet.init() para servlet [Faces Servlet] lanzó excepción
	java.lang.NoClassDefFoundError: com/sun/faces/util/Util
		at jakarta.faces.CurrentThreadToServletContext.getFactoryFinder(CurrentThreadToServletContext.java:51)
		at jakarta.faces.FactoryFinder.getFactory(FactoryFinder.java:259)
		at jakarta.faces.webapp.FacesServlet.acquireFacesContextFactory(FacesServlet.java:493)
		at jakarta.faces.webapp.FacesServlet.init(FacesServlet.java:342)
		at org.apache.catalina.core.StandardWrapper.initServlet(StandardWrapper.java:843)
		at org.apache.catalina.core.StandardWrapper.loadServlet(StandardWrapper.java:800)
		at org.apache.catalina.core.StandardWrapper.load(StandardWrapper.java:704)
		at org.apache.catalina.core.StandardContext.loadOnStartup(StandardContext.java:4221)
		at org.apache.catalina.core.StandardContext.startInternal(StandardContext.java:4508)
		at org.apache.catalina.util.LifecycleBase.start(LifecycleBase.java:164)
		at org.apache.catalina.core.StandardContext.reload(StandardContext.java:3258)
		at org.apache.catalina.startup.HostConfig.reload(HostConfig.java:1456)
		at org.apache.catalina.startup.HostConfig.checkResources(HostConfig.java:1431)
		at org.apache.catalina.startup.HostConfig.check(HostConfig.java:1657)
		at org.apache.catalina.startup.HostConfig.lifecycleEvent(HostConfig.java:299)
		at org.apache.catalina.util.LifecycleBase.fireLifecycleEvent(LifecycleBase.java:109)
		at org.apache.catalina.core.ContainerBase.backgroundProcess(ContainerBase.java:973)
		at org.apache.catalina.core.ContainerBase$ContainerBackgroundProcessor.processChildren(ContainerBase.java:1172)
		at org.apache.catalina.core.ContainerBase$ContainerBackgroundProcessor.processChildren(ContainerBase.java:1176)
		at org.apache.catalina.core.ContainerBase$ContainerBackgroundProcessor.run(ContainerBase.java:1154)
		at java.base/java.util.concurrent.Executors$RunnableAdapter.call(Executors.java:572)
		at java.base/java.util.concurrent.FutureTask.runAndReset(FutureTask.java:358)
		at java.base/java.util.concurrent.ScheduledThreadPoolExecutor$ScheduledFutureTask.run(ScheduledThreadPoolExecutor.java:305)
		at java.base/java.util.concurrent.ThreadPoolExecutor.runWorker(ThreadPoolExecutor.java:1144)
		at java.base/java.util.concurrent.ThreadPoolExecutor$Worker.run(ThreadPoolExecutor.java:642)
		at org.apache.tomcat.util.threads.TaskThread$WrappingRunnable.run(TaskThread.java:63)
		at java.base/java.lang.Thread.run(Thread.java:1570)
	Caused by: java.lang.ClassNotFoundException: com.sun.faces.util.Util
		at org.apache.catalina.loader.WebappClassLoaderBase.loadClass(WebappClassLoaderBase.java:1380)
		at org.apache.catalina.loader.WebappClassLoaderBase.loadClass(WebappClassLoaderBase.java:1189)
		... 27 more
30-Jun-2025 21:51:06.946 SEVERE [Catalina-utility-1] org.apache.catalina.core.StandardContext.loadOnStartup Servlet [Faces Servlet] in web application [/Proyecto2-Progra] threw load() exception
	java.lang.ClassNotFoundException: com.sun.faces.util.Util
		at org.apache.catalina.loader.WebappClassLoaderBase.loadClass(WebappClassLoaderBase.java:1380)
		at org.apache.catalina.loader.WebappClassLoaderBase.loadClass(WebappClassLoaderBase.java:1189)
		at jakarta.faces.CurrentThreadToServletContext.getFactoryFinder(CurrentThreadToServletContext.java:51)
		at jakarta.faces.FactoryFinder.getFactory(FactoryFinder.java:259)
		at jakarta.faces.webapp.FacesServlet.acquireFacesContextFactory(FacesServlet.java:493)
		at jakarta.faces.webapp.FacesServlet.init(FacesServlet.java:342)
		at org.apache.catalina.core.StandardWrapper.initServlet(StandardWrapper.java:843)
		at org.apache.catalina.core.StandardWrapper.loadServlet(StandardWrapper.java:800)
		at org.apache.catalina.core.StandardWrapper.load(StandardWrapper.java:704)
		at org.apache.catalina.core.StandardContext.loadOnStartup(StandardContext.java:4221)
		at org.apache.catalina.core.StandardContext.startInternal(StandardContext.java:4508)
		at org.apache.catalina.util.LifecycleBase.start(LifecycleBase.java:164)
		at org.apache.catalina.core.StandardContext.reload(StandardContext.java:3258)
		at org.apache.catalina.startup.HostConfig.reload(HostConfig.java:1456)
		at org.apache.catalina.startup.HostConfig.checkResources(HostConfig.java:1431)
		at org.apache.catalina.startup.HostConfig.check(HostConfig.java:1657)
		at org.apache.catalina.startup.HostConfig.lifecycleEvent(HostConfig.java:299)
		at org.apache.catalina.util.LifecycleBase.fireLifecycleEvent(LifecycleBase.java:109)
		at org.apache.catalina.core.ContainerBase.backgroundProcess(ContainerBase.java:973)
		at org.apache.catalina.core.ContainerBase$ContainerBackgroundProcessor.processChildren(ContainerBase.java:1172)
		at org.apache.catalina.core.ContainerBase$ContainerBackgroundProcessor.processChildren(ContainerBase.java:1176)
		at org.apache.catalina.core.ContainerBase$ContainerBackgroundProcessor.run(ContainerBase.java:1154)
		at java.base/java.util.concurrent.Executors$RunnableAdapter.call(Executors.java:572)
		at java.base/java.util.concurrent.FutureTask.runAndReset(FutureTask.java:358)
		at java.base/java.util.concurrent.ScheduledThreadPoolExecutor$ScheduledFutureTask.run(ScheduledThreadPoolExecutor.java:305)
		at java.base/java.util.concurrent.ThreadPoolExecutor.runWorker(ThreadPoolExecutor.java:1144)
		at java.base/java.util.concurrent.ThreadPoolExecutor$Worker.run(ThreadPoolExecutor.java:642)
		at org.apache.tomcat.util.threads.TaskThread$WrappingRunnable.run(TaskThread.java:63)
		at java.base/java.lang.Thread.run(Thread.java:1570)
30-Jun-2025 21:52:40.918 INFO [main] org.apache.catalina.core.ApplicationContext.log SessionListener: contextDestroyed()
30-Jun-2025 21:52:40.918 INFO [main] org.apache.catalina.core.ApplicationContext.log ContextListener: contextDestroyed()
30-Jun-2025 21:52:57.702 INFO [main] org.apache.catalina.core.ApplicationContext.log ContextListener: contextInitialized()
30-Jun-2025 21:52:57.703 INFO [main] org.apache.catalina.core.ApplicationContext.log SessionListener: contextInitialized()
30-Jun-2025 21:52:57.706 INFO [main] org.apache.catalina.core.ApplicationContext.log ContextListener: attributeAdded('StockTicker', 'async.Stockticker@75db328e')
30-Jun-2025 21:53:57.092 INFO [main] org.apache.catalina.core.ApplicationContext.log SessionListener: contextDestroyed()
30-Jun-2025 21:53:57.092 INFO [main] org.apache.catalina.core.ApplicationContext.log ContextListener: contextDestroyed()
30-Jun-2025 21:54:05.534 INFO [main] org.apache.catalina.core.ApplicationContext.log ContextListener: contextInitialized()
30-Jun-2025 21:54:05.539 INFO [main] org.apache.catalina.core.ApplicationContext.log SessionListener: contextInitialized()
30-Jun-2025 21:54:05.546 INFO [main] org.apache.catalina.core.ApplicationContext.log ContextListener: attributeAdded('StockTicker', 'async.Stockticker@591e58fa')
30-Jun-2025 21:57:48.037 SEVERE [http-nio-8080-exec-7] org.apache.catalina.core.StandardWrapperValve.invoke Servlet.service() para servlet [/InsertarDetallesServlet] lanzó excepción
	java.lang.NullPointerException: Cannot invoke "String.trim()" because "in" is null
		at java.base/jdk.internal.math.FloatingDecimal.readJavaFormatString(FloatingDecimal.java:1838)
		at java.base/jdk.internal.math.FloatingDecimal.parseDouble(FloatingDecimal.java:110)
		at java.base/java.lang.Double.parseDouble(Double.java:938)
		at cr.ac.ucr.paraiso.proyecto2.progra.servlets.InsertarDetallesServlet.doPost(InsertarDetallesServlet.java:56)
		at jakarta.servlet.http.HttpServlet.service(HttpServlet.java:590)
		at jakarta.servlet.http.HttpServlet.service(HttpServlet.java:658)
		at org.apache.catalina.core.ApplicationFilterChain.internalDoFilter(ApplicationFilterChain.java:195)
		at org.apache.catalina.core.ApplicationFilterChain.doFilter(ApplicationFilterChain.java:140)
		at org.apache.tomcat.websocket.server.WsFilter.doFilter(WsFilter.java:51)
		at org.apache.catalina.core.ApplicationFilterChain.internalDoFilter(ApplicationFilterChain.java:164)
		at org.apache.catalina.core.ApplicationFilterChain.doFilter(ApplicationFilterChain.java:140)
		at org.apache.catalina.core.StandardWrapperValve.invoke(StandardWrapperValve.java:167)
		at org.apache.catalina.core.StandardContextValve.invoke(StandardContextValve.java:90)
		at org.apache.catalina.authenticator.AuthenticatorBase.invoke(AuthenticatorBase.java:483)
		at org.apache.catalina.core.StandardHostValve.invoke(StandardHostValve.java:116)
		at org.apache.catalina.valves.ErrorReportValve.invoke(ErrorReportValve.java:93)
		at org.apache.catalina.valves.AbstractAccessLogValve.invoke(AbstractAccessLogValve.java:666)
		at org.apache.catalina.core.StandardEngineValve.invoke(StandardEngineValve.java:74)
		at org.apache.catalina.connector.CoyoteAdapter.service(CoyoteAdapter.java:344)
		at org.apache.coyote.http11.Http11Processor.service(Http11Processor.java:398)
		at org.apache.coyote.AbstractProcessorLight.process(AbstractProcessorLight.java:63)
		at org.apache.coyote.AbstractProtocol$ConnectionHandler.process(AbstractProtocol.java:903)
		at org.apache.tomcat.util.net.NioEndpoint$SocketProcessor.doRun(NioEndpoint.java:1769)
		at org.apache.tomcat.util.net.SocketProcessorBase.run(SocketProcessorBase.java:52)
		at org.apache.tomcat.util.threads.ThreadPoolExecutor.runWorker(ThreadPoolExecutor.java:1189)
		at org.apache.tomcat.util.threads.ThreadPoolExecutor$Worker.run(ThreadPoolExecutor.java:658)
		at org.apache.tomcat.util.threads.TaskThread$WrappingRunnable.run(TaskThread.java:63)
		at java.base/java.lang.Thread.run(Thread.java:1570)
30-Jun-2025 21:58:11.230 SEVERE [http-nio-8080-exec-10] org.apache.catalina.core.StandardWrapperValve.invoke Servlet.service() para servlet [/InsertarDetallesServlet] lanzó excepción
	java.lang.NullPointerException: Cannot invoke "String.trim()" because "in" is null
		at java.base/jdk.internal.math.FloatingDecimal.readJavaFormatString(FloatingDecimal.java:1838)
		at java.base/jdk.internal.math.FloatingDecimal.parseDouble(FloatingDecimal.java:110)
		at java.base/java.lang.Double.parseDouble(Double.java:938)
		at cr.ac.ucr.paraiso.proyecto2.progra.servlets.InsertarDetallesServlet.doPost(InsertarDetallesServlet.java:56)
		at jakarta.servlet.http.HttpServlet.service(HttpServlet.java:590)
		at jakarta.servlet.http.HttpServlet.service(HttpServlet.java:658)
		at org.apache.catalina.core.ApplicationFilterChain.internalDoFilter(ApplicationFilterChain.java:195)
		at org.apache.catalina.core.ApplicationFilterChain.doFilter(ApplicationFilterChain.java:140)
		at org.apache.tomcat.websocket.server.WsFilter.doFilter(WsFilter.java:51)
		at org.apache.catalina.core.ApplicationFilterChain.internalDoFilter(ApplicationFilterChain.java:164)
		at org.apache.catalina.core.ApplicationFilterChain.doFilter(ApplicationFilterChain.java:140)
		at org.apache.catalina.core.StandardWrapperValve.invoke(StandardWrapperValve.java:167)
		at org.apache.catalina.core.StandardContextValve.invoke(StandardContextValve.java:90)
		at org.apache.catalina.authenticator.AuthenticatorBase.invoke(AuthenticatorBase.java:483)
		at org.apache.catalina.core.StandardHostValve.invoke(StandardHostValve.java:116)
		at org.apache.catalina.valves.ErrorReportValve.invoke(ErrorReportValve.java:93)
		at org.apache.catalina.valves.AbstractAccessLogValve.invoke(AbstractAccessLogValve.java:666)
		at org.apache.catalina.core.StandardEngineValve.invoke(StandardEngineValve.java:74)
		at org.apache.catalina.connector.CoyoteAdapter.service(CoyoteAdapter.java:344)
		at org.apache.coyote.http11.Http11Processor.service(Http11Processor.java:398)
		at org.apache.coyote.AbstractProcessorLight.process(AbstractProcessorLight.java:63)
		at org.apache.coyote.AbstractProtocol$ConnectionHandler.process(AbstractProtocol.java:903)
		at org.apache.tomcat.util.net.NioEndpoint$SocketProcessor.doRun(NioEndpoint.java:1769)
		at org.apache.tomcat.util.net.SocketProcessorBase.run(SocketProcessorBase.java:52)
		at org.apache.tomcat.util.threads.ThreadPoolExecutor.runWorker(ThreadPoolExecutor.java:1189)
		at org.apache.tomcat.util.threads.ThreadPoolExecutor$Worker.run(ThreadPoolExecutor.java:658)
		at org.apache.tomcat.util.threads.TaskThread$WrappingRunnable.run(TaskThread.java:63)
		at java.base/java.lang.Thread.run(Thread.java:1570)
30-Jun-2025 21:58:38.753 SEVERE [http-nio-8080-exec-8] org.apache.catalina.core.StandardWrapperValve.invoke Servlet.service() para servlet [InsertarClienteServlet] lanzó excepción
	java.io.FileNotFoundException: C:\Users\FAMILIA\Documents\GitHub\Proyecto2-Progra\apache-tomcat-10.1.42\bin\src\main\webapp\WEB-INF\archivos\clientes.xml (El sistema no puede encontrar la ruta especificada)
		at java.base/java.io.FileInputStream.open0(Native Method)
		at java.base/java.io.FileInputStream.open(FileInputStream.java:213)
		at java.base/java.io.FileInputStream.<init>(FileInputStream.java:152)
		at java.base/java.io.FileInputStream.<init>(FileInputStream.java:106)
		at java.base/sun.net.www.protocol.file.FileURLConnection.connect(FileURLConnection.java:84)
		at java.base/sun.net.www.protocol.file.FileURLConnection.getInputStream(FileURLConnection.java:186)
		at java.xml/com.sun.org.apache.xerces.internal.impl.XMLEntityManager.setupCurrentEntity(XMLEntityManager.java:666)
		at java.xml/com.sun.org.apache.xerces.internal.impl.XMLVersionDetector.determineDocVersion(XMLVersionDetector.java:150)
		at java.xml/com.sun.org.apache.xerces.internal.parsers.XML11Configuration.parse(XML11Configuration.java:862)
		at java.xml/com.sun.org.apache.xerces.internal.parsers.XML11Configuration.parse(XML11Configuration.java:826)
		at java.xml/com.sun.org.apache.xerces.internal.parsers.XMLParser.parse(XMLParser.java:134)
		at java.xml/com.sun.org.apache.xerces.internal.parsers.AbstractSAXParser.parse(AbstractSAXParser.java:1225)
		at java.xml/com.sun.org.apache.xerces.internal.jaxp.SAXParserImpl$JAXPSAXParser.parse(SAXParserImpl.java:643)
		at org.jdom2.input.sax.SAXBuilderEngine.build(SAXBuilderEngine.java:217)
		at org.jdom2.input.sax.SAXBuilderEngine.build(SAXBuilderEngine.java:329)
		at org.jdom2.input.SAXBuilder.build(SAXBuilder.java:1254)
		at cr.ac.ucr.paraiso.proyecto2.progra.data.ClienteXmlData.<init>(ClienteXmlData.java:54)
		at cr.ac.ucr.paraiso.proyecto2.progra.servlets.InsertarClienteServlet.doPost(InsertarClienteServlet.java:49)
		at jakarta.servlet.http.HttpServlet.service(HttpServlet.java:590)
		at jakarta.servlet.http.HttpServlet.service(HttpServlet.java:658)
		at org.apache.catalina.core.ApplicationFilterChain.internalDoFilter(ApplicationFilterChain.java:195)
		at org.apache.catalina.core.ApplicationFilterChain.doFilter(ApplicationFilterChain.java:140)
		at org.apache.tomcat.websocket.server.WsFilter.doFilter(WsFilter.java:51)
		at org.apache.catalina.core.ApplicationFilterChain.internalDoFilter(ApplicationFilterChain.java:164)
		at org.apache.catalina.core.ApplicationFilterChain.doFilter(ApplicationFilterChain.java:140)
		at org.apache.catalina.core.StandardWrapperValve.invoke(StandardWrapperValve.java:167)
		at org.apache.catalina.core.StandardContextValve.invoke(StandardContextValve.java:90)
		at org.apache.catalina.authenticator.AuthenticatorBase.invoke(AuthenticatorBase.java:483)
		at org.apache.catalina.core.StandardHostValve.invoke(StandardHostValve.java:116)
		at org.apache.catalina.valves.ErrorReportValve.invoke(ErrorReportValve.java:93)
		at org.apache.catalina.valves.AbstractAccessLogValve.invoke(AbstractAccessLogValve.java:666)
		at org.apache.catalina.core.StandardEngineValve.invoke(StandardEngineValve.java:74)
		at org.apache.catalina.connector.CoyoteAdapter.service(CoyoteAdapter.java:344)
		at org.apache.coyote.http11.Http11Processor.service(Http11Processor.java:398)
		at org.apache.coyote.AbstractProcessorLight.process(AbstractProcessorLight.java:63)
		at org.apache.coyote.AbstractProtocol$ConnectionHandler.process(AbstractProtocol.java:903)
		at org.apache.tomcat.util.net.NioEndpoint$SocketProcessor.doRun(NioEndpoint.java:1769)
		at org.apache.tomcat.util.net.SocketProcessorBase.run(SocketProcessorBase.java:52)
		at org.apache.tomcat.util.threads.ThreadPoolExecutor.runWorker(ThreadPoolExecutor.java:1189)
		at org.apache.tomcat.util.threads.ThreadPoolExecutor$Worker.run(ThreadPoolExecutor.java:658)
		at org.apache.tomcat.util.threads.TaskThread$WrappingRunnable.run(TaskThread.java:63)
		at java.base/java.lang.Thread.run(Thread.java:1570)
30-Jun-2025 22:32:23.271 SEVERE [http-nio-8080-exec-1] org.apache.catalina.core.StandardWrapperValve.invoke Servlet.service() para servlet [InsertarClienteServlet] lanzó excepción
	java.io.FileNotFoundException: C:\Users\FAMILIA\Documents\GitHub\Proyecto2-Progra\apache-tomcat-10.1.42\bin\src\main\webapp\WEB-INF\archivos\clientes.xml (El sistema no puede encontrar la ruta especificada)
		at java.base/java.io.FileInputStream.open0(Native Method)
		at java.base/java.io.FileInputStream.open(FileInputStream.java:213)
		at java.base/java.io.FileInputStream.<init>(FileInputStream.java:152)
		at java.base/java.io.FileInputStream.<init>(FileInputStream.java:106)
		at java.base/sun.net.www.protocol.file.FileURLConnection.connect(FileURLConnection.java:84)
		at java.base/sun.net.www.protocol.file.FileURLConnection.getInputStream(FileURLConnection.java:186)
		at java.xml/com.sun.org.apache.xerces.internal.impl.XMLEntityManager.setupCurrentEntity(XMLEntityManager.java:666)
		at java.xml/com.sun.org.apache.xerces.internal.impl.XMLVersionDetector.determineDocVersion(XMLVersionDetector.java:150)
		at java.xml/com.sun.org.apache.xerces.internal.parsers.XML11Configuration.parse(XML11Configuration.java:862)
		at java.xml/com.sun.org.apache.xerces.internal.parsers.XML11Configuration.parse(XML11Configuration.java:826)
		at java.xml/com.sun.org.apache.xerces.internal.parsers.XMLParser.parse(XMLParser.java:134)
		at java.xml/com.sun.org.apache.xerces.internal.parsers.AbstractSAXParser.parse(AbstractSAXParser.java:1225)
		at java.xml/com.sun.org.apache.xerces.internal.jaxp.SAXParserImpl$JAXPSAXParser.parse(SAXParserImpl.java:643)
		at org.jdom2.input.sax.SAXBuilderEngine.build(SAXBuilderEngine.java:217)
		at org.jdom2.input.sax.SAXBuilderEngine.build(SAXBuilderEngine.java:329)
		at org.jdom2.input.SAXBuilder.build(SAXBuilder.java:1254)
		at cr.ac.ucr.paraiso.proyecto2.progra.data.ClienteXmlData.<init>(ClienteXmlData.java:54)
		at cr.ac.ucr.paraiso.proyecto2.progra.servlets.InsertarClienteServlet.doPost(InsertarClienteServlet.java:49)
		at jakarta.servlet.http.HttpServlet.service(HttpServlet.java:590)
		at jakarta.servlet.http.HttpServlet.service(HttpServlet.java:658)
		at org.apache.catalina.core.ApplicationFilterChain.internalDoFilter(ApplicationFilterChain.java:195)
		at org.apache.catalina.core.ApplicationFilterChain.doFilter(ApplicationFilterChain.java:140)
		at org.apache.tomcat.websocket.server.WsFilter.doFilter(WsFilter.java:51)
		at org.apache.catalina.core.ApplicationFilterChain.internalDoFilter(ApplicationFilterChain.java:164)
		at org.apache.catalina.core.ApplicationFilterChain.doFilter(ApplicationFilterChain.java:140)
		at org.apache.catalina.core.StandardWrapperValve.invoke(StandardWrapperValve.java:167)
		at org.apache.catalina.core.StandardContextValve.invoke(StandardContextValve.java:90)
		at org.apache.catalina.authenticator.AuthenticatorBase.invoke(AuthenticatorBase.java:483)
		at org.apache.catalina.core.StandardHostValve.invoke(StandardHostValve.java:116)
		at org.apache.catalina.valves.ErrorReportValve.invoke(ErrorReportValve.java:93)
		at org.apache.catalina.valves.AbstractAccessLogValve.invoke(AbstractAccessLogValve.java:666)
		at org.apache.catalina.core.StandardEngineValve.invoke(StandardEngineValve.java:74)
		at org.apache.catalina.connector.CoyoteAdapter.service(CoyoteAdapter.java:344)
		at org.apache.coyote.http11.Http11Processor.service(Http11Processor.java:398)
		at org.apache.coyote.AbstractProcessorLight.process(AbstractProcessorLight.java:63)
		at org.apache.coyote.AbstractProtocol$ConnectionHandler.process(AbstractProtocol.java:903)
		at org.apache.tomcat.util.net.NioEndpoint$SocketProcessor.doRun(NioEndpoint.java:1769)
		at org.apache.tomcat.util.net.SocketProcessorBase.run(SocketProcessorBase.java:52)
		at org.apache.tomcat.util.threads.ThreadPoolExecutor.runWorker(ThreadPoolExecutor.java:1189)
		at org.apache.tomcat.util.threads.ThreadPoolExecutor$Worker.run(ThreadPoolExecutor.java:658)
		at org.apache.tomcat.util.threads.TaskThread$WrappingRunnable.run(TaskThread.java:63)
		at java.base/java.lang.Thread.run(Thread.java:1570)
30-Jun-2025 22:32:27.473 SEVERE [http-nio-8080-exec-2] org.apache.catalina.core.StandardWrapperValve.invoke Servlet.service() para servlet [InsertarClienteServlet] lanzó excepción
	java.io.FileNotFoundException: C:\Users\FAMILIA\Documents\GitHub\Proyecto2-Progra\apache-tomcat-10.1.42\bin\src\main\webapp\WEB-INF\archivos\clientes.xml (El sistema no puede encontrar la ruta especificada)
		at java.base/java.io.FileInputStream.open0(Native Method)
		at java.base/java.io.FileInputStream.open(FileInputStream.java:213)
		at java.base/java.io.FileInputStream.<init>(FileInputStream.java:152)
		at java.base/java.io.FileInputStream.<init>(FileInputStream.java:106)
		at java.base/sun.net.www.protocol.file.FileURLConnection.connect(FileURLConnection.java:84)
		at java.base/sun.net.www.protocol.file.FileURLConnection.getInputStream(FileURLConnection.java:186)
		at java.xml/com.sun.org.apache.xerces.internal.impl.XMLEntityManager.setupCurrentEntity(XMLEntityManager.java:666)
		at java.xml/com.sun.org.apache.xerces.internal.impl.XMLVersionDetector.determineDocVersion(XMLVersionDetector.java:150)
		at java.xml/com.sun.org.apache.xerces.internal.parsers.XML11Configuration.parse(XML11Configuration.java:862)
		at java.xml/com.sun.org.apache.xerces.internal.parsers.XML11Configuration.parse(XML11Configuration.java:826)
		at java.xml/com.sun.org.apache.xerces.internal.parsers.XMLParser.parse(XMLParser.java:134)
		at java.xml/com.sun.org.apache.xerces.internal.parsers.AbstractSAXParser.parse(AbstractSAXParser.java:1225)
		at java.xml/com.sun.org.apache.xerces.internal.jaxp.SAXParserImpl$JAXPSAXParser.parse(SAXParserImpl.java:643)
		at org.jdom2.input.sax.SAXBuilderEngine.build(SAXBuilderEngine.java:217)
		at org.jdom2.input.sax.SAXBuilderEngine.build(SAXBuilderEngine.java:329)
		at org.jdom2.input.SAXBuilder.build(SAXBuilder.java:1254)
		at cr.ac.ucr.paraiso.proyecto2.progra.data.ClienteXmlData.<init>(ClienteXmlData.java:54)
		at cr.ac.ucr.paraiso.proyecto2.progra.servlets.InsertarClienteServlet.doPost(InsertarClienteServlet.java:49)
		at jakarta.servlet.http.HttpServlet.service(HttpServlet.java:590)
		at jakarta.servlet.http.HttpServlet.service(HttpServlet.java:658)
		at org.apache.catalina.core.ApplicationFilterChain.internalDoFilter(ApplicationFilterChain.java:195)
		at org.apache.catalina.core.ApplicationFilterChain.doFilter(ApplicationFilterChain.java:140)
		at org.apache.tomcat.websocket.server.WsFilter.doFilter(WsFilter.java:51)
		at org.apache.catalina.core.ApplicationFilterChain.internalDoFilter(ApplicationFilterChain.java:164)
		at org.apache.catalina.core.ApplicationFilterChain.doFilter(ApplicationFilterChain.java:140)
		at org.apache.catalina.core.StandardWrapperValve.invoke(StandardWrapperValve.java:167)
		at org.apache.catalina.core.StandardContextValve.invoke(StandardContextValve.java:90)
		at org.apache.catalina.authenticator.AuthenticatorBase.invoke(AuthenticatorBase.java:483)
		at org.apache.catalina.core.StandardHostValve.invoke(StandardHostValve.java:116)
		at org.apache.catalina.valves.ErrorReportValve.invoke(ErrorReportValve.java:93)
		at org.apache.catalina.valves.AbstractAccessLogValve.invoke(AbstractAccessLogValve.java:666)
		at org.apache.catalina.core.StandardEngineValve.invoke(StandardEngineValve.java:74)
		at org.apache.catalina.connector.CoyoteAdapter.service(CoyoteAdapter.java:344)
		at org.apache.coyote.http11.Http11Processor.service(Http11Processor.java:398)
		at org.apache.coyote.AbstractProcessorLight.process(AbstractProcessorLight.java:63)
		at org.apache.coyote.AbstractProtocol$ConnectionHandler.process(AbstractProtocol.java:903)
		at org.apache.tomcat.util.net.NioEndpoint$SocketProcessor.doRun(NioEndpoint.java:1769)
		at org.apache.tomcat.util.net.SocketProcessorBase.run(SocketProcessorBase.java:52)
		at org.apache.tomcat.util.threads.ThreadPoolExecutor.runWorker(ThreadPoolExecutor.java:1189)
		at org.apache.tomcat.util.threads.ThreadPoolExecutor$Worker.run(ThreadPoolExecutor.java:658)
		at org.apache.tomcat.util.threads.TaskThread$WrappingRunnable.run(TaskThread.java:63)
		at java.base/java.lang.Thread.run(Thread.java:1570)
